\BOOKMARK [0][-]{chapter.1}{\376\377\0001\000\040\000D\000a\000t\000e\000n\000s\000t\000r\000u\000k\000t\000u\000r\000-\000V\000e\000r\000z\000e\000i\000c\000h\000n\000i\000s}{}% 1
\BOOKMARK [1][-]{section.1.1}{\376\377\0001\000.\0001\000\040\000D\000a\000t\000e\000n\000s\000t\000r\000u\000k\000t\000u\000r\000e\000n}{chapter.1}% 2
\BOOKMARK [0][-]{chapter.2}{\376\377\0002\000\040\000D\000a\000t\000e\000i\000-\000V\000e\000r\000z\000e\000i\000c\000h\000n\000i\000s}{}% 3
\BOOKMARK [1][-]{section.2.1}{\376\377\0002\000.\0001\000\040\000A\000u\000f\000l\000i\000s\000t\000u\000n\000g\000\040\000d\000e\000r\000\040\000D\000a\000t\000e\000i\000e\000n}{chapter.2}% 4
\BOOKMARK [0][-]{chapter.3}{\376\377\0003\000\040\000D\000a\000t\000e\000n\000s\000t\000r\000u\000k\000t\000u\000r\000-\000D\000o\000k\000u\000m\000e\000n\000t\000a\000t\000i\000o\000n}{}% 5
\BOOKMARK [1][-]{section.3.1}{\376\377\0003\000.\0001\000\040\000d\000i\000v\000\137\000r\000e\000s\000u\000l\000t\000\137\000t\000\040\000S\000t\000r\000u\000k\000t\000u\000r\000r\000e\000f\000e\000r\000e\000n\000z}{chapter.3}% 6
\BOOKMARK [2][-]{subsection.3.1.1}{\376\377\0003\000.\0001\000.\0001\000\040\000A\000u\000s\000f\000\374\000h\000r\000l\000i\000c\000h\000e\000\040\000B\000e\000s\000c\000h\000r\000e\000i\000b\000u\000n\000g}{section.3.1}% 7
\BOOKMARK [2][-]{subsection.3.1.2}{\376\377\0003\000.\0001\000.\0002\000\040\000D\000o\000k\000u\000m\000e\000n\000t\000a\000t\000i\000o\000n\000\040\000d\000e\000r\000\040\000F\000e\000l\000d\000e\000r}{section.3.1}% 8
\BOOKMARK [3][-]{subsubsection.3.1.2.1}{\376\377\0003\000.\0001\000.\0002\000.\0001\000\040\000d\000i\000v\000i\000d\000e\000n\000d}{subsection.3.1.2}% 9
\BOOKMARK [3][-]{subsubsection.3.1.2.2}{\376\377\0003\000.\0001\000.\0002\000.\0002\000\040\000d\000i\000v\000i\000s\000o\000r}{subsection.3.1.2}% 10
\BOOKMARK [3][-]{subsubsection.3.1.2.3}{\376\377\0003\000.\0001\000.\0002\000.\0003\000\040\000q\000u\000o\000t\000i\000e\000n\000t}{subsection.3.1.2}% 11
\BOOKMARK [3][-]{subsubsection.3.1.2.4}{\376\377\0003\000.\0001\000.\0002\000.\0004\000\040\000r\000e\000m\000a\000i\000n\000d\000e\000r}{subsection.3.1.2}% 12
\BOOKMARK [1][-]{section.3.2}{\376\377\0003\000.\0002\000\040\000d\000i\000v\000m\000o\000d\000\137\000r\000e\000s\000u\000l\000t\000\040\000S\000t\000r\000u\000k\000t\000u\000r\000r\000e\000f\000e\000r\000e\000n\000z}{chapter.3}% 13
\BOOKMARK [2][-]{subsection.3.2.1}{\376\377\0003\000.\0002\000.\0001\000\040\000A\000u\000s\000f\000\374\000h\000r\000l\000i\000c\000h\000e\000\040\000B\000e\000s\000c\000h\000r\000e\000i\000b\000u\000n\000g}{section.3.2}% 14
\BOOKMARK [2][-]{subsection.3.2.2}{\376\377\0003\000.\0002\000.\0002\000\040\000D\000o\000k\000u\000m\000e\000n\000t\000a\000t\000i\000o\000n\000\040\000d\000e\000r\000\040\000F\000e\000l\000d\000e\000r}{section.3.2}% 15
\BOOKMARK [3][-]{subsubsection.3.2.2.1}{\376\377\0003\000.\0002\000.\0002\000.\0001\000\040\000q\000u\000o\000t\000i\000e\000n\000t}{subsection.3.2.2}% 16
\BOOKMARK [3][-]{subsubsection.3.2.2.2}{\376\377\0003\000.\0002\000.\0002\000.\0002\000\040\000r\000e\000m\000a\000i\000n\000d\000e\000r}{subsection.3.2.2}% 17
\BOOKMARK [1][-]{section.3.3}{\376\377\0003\000.\0003\000\040\000f\000l\000o\000a\000t\000\137\000u\000n\000i\000o\000n\000\040\000V\000a\000r\000i\000a\000n\000t\000e\000n\000r\000e\000f\000e\000r\000e\000n\000z}{chapter.3}% 18
\BOOKMARK [2][-]{subsection.3.3.1}{\376\377\0003\000.\0003\000.\0001\000\040\000A\000u\000s\000f\000\374\000h\000r\000l\000i\000c\000h\000e\000\040\000B\000e\000s\000c\000h\000r\000e\000i\000b\000u\000n\000g}{section.3.3}% 19
\BOOKMARK [2][-]{subsection.3.3.2}{\376\377\0003\000.\0003\000.\0002\000\040\000D\000o\000k\000u\000m\000e\000n\000t\000a\000t\000i\000o\000n\000\040\000d\000e\000r\000\040\000F\000e\000l\000d\000e\000r}{section.3.3}% 20
\BOOKMARK [3][-]{subsubsection.3.3.2.1}{\376\377\0003\000.\0003\000.\0002\000.\0001\000\040\000f}{subsection.3.3.2}% 21
\BOOKMARK [3][-]{subsubsection.3.3.2.2}{\376\377\0003\000.\0003\000.\0002\000.\0002\000\040\000i}{subsection.3.3.2}% 22
\BOOKMARK [1][-]{section.3.4}{\376\377\0003\000.\0004\000\040\000h\000e\000a\000d\000e\000r\000\040\000V\000a\000r\000i\000a\000n\000t\000e\000n\000r\000e\000f\000e\000r\000e\000n\000z}{chapter.3}% 23
\BOOKMARK [2][-]{subsection.3.4.1}{\376\377\0003\000.\0004\000.\0001\000\040\000A\000u\000s\000f\000\374\000h\000r\000l\000i\000c\000h\000e\000\040\000B\000e\000s\000c\000h\000r\000e\000i\000b\000u\000n\000g}{section.3.4}% 24
\BOOKMARK [2][-]{subsection.3.4.2}{\376\377\0003\000.\0004\000.\0002\000\040\000D\000o\000k\000u\000m\000e\000n\000t\000a\000t\000i\000o\000n\000\040\000d\000e\000r\000\040\000F\000e\000l\000d\000e\000r}{section.3.4}% 25
\BOOKMARK [3][-]{subsubsection.3.4.2.1}{\376\377\0003\000.\0004\000.\0002\000.\0001\000\040\000n\000e\000x\000t}{subsection.3.4.2}% 26
\BOOKMARK [3][-]{subsubsection.3.4.2.2}{\376\377\0003\000.\0004\000.\0002\000.\0002\000\040\000s\000i\000z\000e}{subsection.3.4.2}% 27
\BOOKMARK [3][-]{subsubsection.3.4.2.3}{\376\377\0003\000.\0004\000.\0002\000.\0003\000\040\000x}{subsection.3.4.2}% 28
\BOOKMARK [1][-]{section.3.5}{\376\377\0003\000.\0005\000\040\000r\000g\000b\000\137\000c\000o\000l\000o\000r\000\137\000t\000\040\000S\000t\000r\000u\000k\000t\000u\000r\000r\000e\000f\000e\000r\000e\000n\000z}{chapter.3}% 29
\BOOKMARK [2][-]{subsection.3.5.1}{\376\377\0003\000.\0005\000.\0001\000\040\000A\000u\000s\000f\000\374\000h\000r\000l\000i\000c\000h\000e\000\040\000B\000e\000s\000c\000h\000r\000e\000i\000b\000u\000n\000g}{section.3.5}% 30
\BOOKMARK [2][-]{subsection.3.5.2}{\376\377\0003\000.\0005\000.\0002\000\040\000D\000o\000k\000u\000m\000e\000n\000t\000a\000t\000i\000o\000n\000\040\000d\000e\000r\000\040\000F\000e\000l\000d\000e\000r}{section.3.5}% 31
\BOOKMARK [3][-]{subsubsection.3.5.2.1}{\376\377\0003\000.\0005\000.\0002\000.\0001\000\040\000b}{subsection.3.5.2}% 32
\BOOKMARK [3][-]{subsubsection.3.5.2.2}{\376\377\0003\000.\0005\000.\0002\000.\0002\000\040\000g}{subsection.3.5.2}% 33
\BOOKMARK [3][-]{subsubsection.3.5.2.3}{\376\377\0003\000.\0005\000.\0002\000.\0003\000\040\000r}{subsection.3.5.2}% 34
\BOOKMARK [0][-]{chapter.4}{\376\377\0004\000\040\000D\000a\000t\000e\000i\000-\000D\000o\000k\000u\000m\000e\000n\000t\000a\000t\000i\000o\000n}{}% 35
\BOOKMARK [1][-]{section.4.1}{\376\377\0004\000.\0001\000\040\000/\000h\000o\000m\000e\000/\000r\000u\000n\000n\000e\000r\000/\000w\000o\000r\000k\000/\000P\000R\000O\000E\000\137\000W\000G\000R\000-\000V\000/\000P\000R\000O\000E\000\137\000W\000G\000R\000-\000V\000/\000s\000r\000c\000/\000l\000i\000b\000/\000w\000g\000r\000h\000a\000l\000.\000c\000-\000D\000a\000t\000e\000i\000r\000e\000f\000e\000r\000e\000n\000z}{chapter.4}% 36
\BOOKMARK [2][-]{subsection.4.1.1}{\376\377\0004\000.\0001\000.\0001\000\040\000A\000u\000s\000f\000\374\000h\000r\000l\000i\000c\000h\000e\000\040\000B\000e\000s\000c\000h\000r\000e\000i\000b\000u\000n\000g}{section.4.1}% 37
\BOOKMARK [2][-]{subsection.4.1.2}{\376\377\0004\000.\0001\000.\0002\000\040\000D\000o\000k\000u\000m\000e\000n\000t\000a\000t\000i\000o\000n\000\040\000d\000e\000r\000\040\000F\000u\000n\000k\000t\000i\000o\000n\000e\000n}{section.4.1}% 38
\BOOKMARK [3][-]{subsubsection.4.1.2.1}{\376\377\0004\000.\0001\000.\0002\000.\0001\000\040\000d\000e\000b\000u\000g\000\137\000w\000r\000i\000t\000e\000\050\000\051}{subsection.4.1.2}% 39
\BOOKMARK [3][-]{subsubsection.4.1.2.2}{\376\377\0004\000.\0001\000.\0002\000.\0002\000\040\000d\000e\000l\000a\000y\000\050\000\051}{subsection.4.1.2}% 40
\BOOKMARK [3][-]{subsubsection.4.1.2.3}{\376\377\0004\000.\0001\000.\0002\000.\0003\000\040\000d\000e\000l\000a\000y\000\137\000m\000i\000c\000r\000o\000\050\000\051}{subsection.4.1.2}% 41
\BOOKMARK [3][-]{subsubsection.4.1.2.4}{\376\377\0004\000.\0001\000.\0002\000.\0004\000\040\000g\000e\000t\000\137\000s\000y\000s\000\137\000c\000l\000k\000\050\000\051}{subsection.4.1.2}% 42
\BOOKMARK [3][-]{subsubsection.4.1.2.5}{\376\377\0004\000.\0001\000.\0002\000.\0005\000\040\000g\000p\000i\000o\000\137\000r\000e\000a\000d\000\137\000a\000l\000l\000\137\000p\000i\000n\000s\000\050\000\051}{subsection.4.1.2}% 43
\BOOKMARK [3][-]{subsubsection.4.1.2.6}{\376\377\0004\000.\0001\000.\0002\000.\0006\000\040\000g\000p\000i\000o\000\137\000r\000e\000a\000d\000\137\000d\000i\000r\000e\000c\000t\000i\000o\000n\000\050\000\051}{subsection.4.1.2}% 44
\BOOKMARK [3][-]{subsubsection.4.1.2.7}{\376\377\0004\000.\0001\000.\0002\000.\0007\000\040\000g\000p\000i\000o\000\137\000r\000e\000a\000d\000\137\000p\000i\000n\000\050\000\051}{subsection.4.1.2}% 45
\BOOKMARK [3][-]{subsubsection.4.1.2.8}{\376\377\0004\000.\0001\000.\0002\000.\0008\000\040\000g\000p\000i\000o\000\137\000s\000e\000t\000\137\000d\000i\000r\000e\000c\000t\000i\000o\000n\000\050\000\051}{subsection.4.1.2}% 46
\BOOKMARK [3][-]{subsubsection.4.1.2.9}{\376\377\0004\000.\0001\000.\0002\000.\0009\000\040\000g\000p\000i\000o\000\137\000w\000r\000i\000t\000e\000\137\000p\000i\000n\000\050\000\051}{subsection.4.1.2}% 47
\BOOKMARK [3][-]{subsubsection.4.1.2.10}{\376\377\0004\000.\0001\000.\0002\000.\0001\0000\000\040\000i\000n\000t\000\137\000t\000o\000\137\000s\000t\000r\000\050\000\051}{subsection.4.1.2}% 48
\BOOKMARK [3][-]{subsubsection.4.1.2.11}{\376\377\0004\000.\0001\000.\0002\000.\0001\0001\000\040\000m\000e\000m\000c\000p\000y\000\050\000\051}{subsection.4.1.2}% 49
\BOOKMARK [3][-]{subsubsection.4.1.2.12}{\376\377\0004\000.\0001\000.\0002\000.\0001\0002\000\040\000m\000e\000m\000m\000o\000v\000e\000\050\000\051}{subsection.4.1.2}% 50
\BOOKMARK [3][-]{subsubsection.4.1.2.13}{\376\377\0004\000.\0001\000.\0002\000.\0001\0003\000\040\000m\000e\000m\000s\000e\000t\000\050\000\051}{subsection.4.1.2}% 51
\BOOKMARK [3][-]{subsubsection.4.1.2.14}{\376\377\0004\000.\0001\000.\0002\000.\0001\0004\000\040\000m\000i\000c\000r\000o\000s\000\050\000\051}{subsection.4.1.2}% 52
\BOOKMARK [3][-]{subsubsection.4.1.2.15}{\376\377\0004\000.\0001\000.\0002\000.\0001\0005\000\040\000m\000i\000c\000r\000o\000s\000\137\000l\000o\000n\000g\000\050\000\051}{subsection.4.1.2}% 53
\BOOKMARK [3][-]{subsubsection.4.1.2.16}{\376\377\0004\000.\0001\000.\0002\000.\0001\0006\000\040\000m\000i\000c\000r\000o\000s\000\137\000r\000e\000s\000e\000t\000\050\000\051}{subsection.4.1.2}% 54
\BOOKMARK [3][-]{subsubsection.4.1.2.17}{\376\377\0004\000.\0001\000.\0002\000.\0001\0007\000\040\000m\000i\000l\000l\000i\000s\000\050\000\051}{subsection.4.1.2}% 55
\BOOKMARK [3][-]{subsubsection.4.1.2.18}{\376\377\0004\000.\0001\000.\0002\000.\0001\0008\000\040\000m\000i\000l\000l\000i\000s\000\137\000l\000o\000n\000g\000\050\000\051}{subsection.4.1.2}% 56
\BOOKMARK [3][-]{subsubsection.4.1.2.19}{\376\377\0004\000.\0001\000.\0002\000.\0001\0009\000\040\000m\000i\000l\000l\000i\000s\000\137\000r\000e\000s\000e\000t\000\050\000\051}{subsection.4.1.2}% 57
\BOOKMARK [3][-]{subsubsection.4.1.2.20}{\376\377\0004\000.\0001\000.\0002\000.\0002\0000\000\040\000p\000a\000r\000s\000e\000\137\000i\000n\000t\000\137\000m\000u\000l\000t\000i\000\050\000\051}{subsection.4.1.2}% 58
\BOOKMARK [3][-]{subsubsection.4.1.2.21}{\376\377\0004\000.\0001\000.\0002\000.\0002\0001\000\040\000p\000a\000r\000s\000e\000\137\000i\000n\000t\000e\000g\000e\000r\000\050\000\051}{subsection.4.1.2}% 59
\BOOKMARK [3][-]{subsubsection.4.1.2.22}{\376\377\0004\000.\0001\000.\0002\000.\0002\0002\000\040\000p\000w\000m\000\137\000g\000e\000t\000\137\000c\000o\000n\000t\000r\000o\000l\000\050\000\051}{subsection.4.1.2}% 60
\BOOKMARK [3][-]{subsubsection.4.1.2.23}{\376\377\0004\000.\0001\000.\0002\000.\0002\0003\000\040\000p\000w\000m\000\137\000g\000e\000t\000\137\000c\000o\000u\000n\000t\000e\000r\000\050\000\051}{subsection.4.1.2}% 61
\BOOKMARK [3][-]{subsubsection.4.1.2.24}{\376\377\0004\000.\0001\000.\0002\000.\0002\0004\000\040\000p\000w\000m\000\137\000g\000e\000t\000\137\000d\000u\000t\000y\000\050\000\051}{subsection.4.1.2}% 62
\BOOKMARK [3][-]{subsubsection.4.1.2.25}{\376\377\0004\000.\0001\000.\0002\000.\0002\0005\000\040\000p\000w\000m\000\137\000g\000e\000t\000\137\000p\000e\000r\000i\000o\000d\000\050\000\051}{subsection.4.1.2}% 63
\BOOKMARK [3][-]{subsubsection.4.1.2.26}{\376\377\0004\000.\0001\000.\0002\000.\0002\0006\000\040\000p\000w\000m\000\137\000g\000e\000t\000\137\000p\000r\000e\000\137\000c\000o\000u\000n\000t\000e\000r\000\050\000\051}{subsection.4.1.2}% 64
\BOOKMARK [3][-]{subsubsection.4.1.2.27}{\376\377\0004\000.\0001\000.\0002\000.\0002\0007\000\040\000p\000w\000m\000\137\000s\000e\000t\000\137\0005\0000\000\137\000p\000e\000r\000c\000e\000n\000t\000\137\000m\000o\000d\000e\000\050\000\051}{subsection.4.1.2}% 65
\BOOKMARK [3][-]{subsubsection.4.1.2.28}{\376\377\0004\000.\0001\000.\0002\000.\0002\0008\000\040\000p\000w\000m\000\137\000s\000e\000t\000\137\000c\000o\000n\000t\000r\000o\000l\000\050\000\051}{subsection.4.1.2}% 66
\BOOKMARK [3][-]{subsubsection.4.1.2.29}{\376\377\0004\000.\0001\000.\0002\000.\0002\0009\000\040\000p\000w\000m\000\137\000s\000e\000t\000\137\000d\000u\000t\000y\000\050\000\051}{subsection.4.1.2}% 67
\BOOKMARK [3][-]{subsubsection.4.1.2.30}{\376\377\0004\000.\0001\000.\0002\000.\0003\0000\000\040\000p\000w\000m\000\137\000s\000e\000t\000\137\000m\000o\000d\000e\000\050\000\051}{subsection.4.1.2}% 68
\BOOKMARK [3][-]{subsubsection.4.1.2.31}{\376\377\0004\000.\0001\000.\0002\000.\0003\0001\000\040\000p\000w\000m\000\137\000s\000e\000t\000\137\000p\000e\000r\000i\000o\000d\000\050\000\051}{subsection.4.1.2}% 69
\BOOKMARK [3][-]{subsubsection.4.1.2.32}{\376\377\0004\000.\0001\000.\0002\000.\0003\0002\000\040\000p\000w\000m\000\137\000s\000e\000t\000\137\000p\000r\000e\000\137\000c\000o\000u\000n\000t\000e\000r\000\050\000\051}{subsection.4.1.2}% 70
\BOOKMARK [3][-]{subsubsection.4.1.2.33}{\376\377\0004\000.\0001\000.\0002\000.\0003\0003\000\040\000s\000t\000r\000c\000m\000p\000\050\000\051}{subsection.4.1.2}% 71
\BOOKMARK [3][-]{subsubsection.4.1.2.34}{\376\377\0004\000.\0001\000.\0002\000.\0003\0004\000\040\000s\000t\000r\000c\000p\000y\000\050\000\051}{subsection.4.1.2}% 72
\BOOKMARK [3][-]{subsubsection.4.1.2.35}{\376\377\0004\000.\0001\000.\0002\000.\0003\0005\000\040\000s\000t\000r\000l\000e\000n\000\050\000\051}{subsection.4.1.2}% 73
\BOOKMARK [3][-]{subsubsection.4.1.2.36}{\376\377\0004\000.\0001\000.\0002\000.\0003\0006\000\040\000s\000t\000r\000n\000c\000m\000p\000\050\000\051}{subsection.4.1.2}% 74
\BOOKMARK [3][-]{subsubsection.4.1.2.37}{\376\377\0004\000.\0001\000.\0002\000.\0003\0007\000\040\000u\000a\000r\000t\000\137\000d\000i\000s\000a\000b\000l\000e\000\050\000\051}{subsection.4.1.2}% 75
\BOOKMARK [3][-]{subsubsection.4.1.2.38}{\376\377\0004\000.\0001\000.\0002\000.\0003\0008\000\040\000u\000a\000r\000t\000\137\000e\000n\000a\000b\000l\000e\000\050\000\051}{subsection.4.1.2}% 76
\BOOKMARK [3][-]{subsubsection.4.1.2.39}{\376\377\0004\000.\0001\000.\0002\000.\0003\0009\000\040\000u\000a\000r\000t\000\137\000g\000e\000t\000\137\000s\000t\000a\000t\000u\000s\000\050\000\051}{subsection.4.1.2}% 77
\BOOKMARK [3][-]{subsubsection.4.1.2.40}{\376\377\0004\000.\0001\000.\0002\000.\0004\0000\000\040\000u\000a\000r\000t\000\137\000g\000e\000t\000c\000h\000a\000r\000\050\000\051}{subsection.4.1.2}% 78
\BOOKMARK [3][-]{subsubsection.4.1.2.41}{\376\377\0004\000.\0001\000.\0002\000.\0004\0001\000\040\000u\000a\000r\000t\000\137\000i\000s\000\137\000b\000u\000s\000y\000\050\000\051}{subsection.4.1.2}% 79
\BOOKMARK [3][-]{subsubsection.4.1.2.42}{\376\377\0004\000.\0001\000.\0002\000.\0004\0002\000\040\000u\000a\000r\000t\000\137\000i\000s\000\137\000r\000e\000a\000d\000y\000\050\000\051}{subsection.4.1.2}% 80
\BOOKMARK [3][-]{subsubsection.4.1.2.43}{\376\377\0004\000.\0001\000.\0002\000.\0004\0003\000\040\000u\000a\000r\000t\000\137\000p\000r\000i\000n\000t\000\050\000\051}{subsection.4.1.2}% 81
\BOOKMARK [3][-]{subsubsection.4.1.2.44}{\376\377\0004\000.\0001\000.\0002\000.\0004\0004\000\040\000u\000a\000r\000t\000\137\000p\000r\000i\000n\000t\000\137\000i\000n\000t\000\050\000\051}{subsection.4.1.2}% 82
\BOOKMARK [3][-]{subsubsection.4.1.2.45}{\376\377\0004\000.\0001\000.\0002\000.\0004\0005\000\040\000u\000a\000r\000t\000\137\000p\000r\000i\000n\000t\000\137\000u\000i\000n\000t\000\050\000\051}{subsection.4.1.2}% 83
\BOOKMARK [3][-]{subsubsection.4.1.2.46}{\376\377\0004\000.\0001\000.\0002\000.\0004\0006\000\040\000u\000a\000r\000t\000\137\000p\000u\000t\000c\000h\000a\000r\000\050\000\051}{subsection.4.1.2}% 84
\BOOKMARK [3][-]{subsubsection.4.1.2.47}{\376\377\0004\000.\0001\000.\0002\000.\0004\0007\000\040\000u\000a\000r\000t\000\137\000p\000u\000t\000c\000h\000a\000r\000\137\000d\000e\000f\000a\000u\000l\000t\000\137\000t\000i\000m\000e\000o\000u\000t\000\050\000\051}{subsection.4.1.2}% 85
\BOOKMARK [3][-]{subsubsection.4.1.2.48}{\376\377\0004\000.\0001\000.\0002\000.\0004\0008\000\040\000u\000a\000r\000t\000\137\000r\000e\000a\000d\000\137\000b\000u\000f\000f\000e\000r\000\050\000\051}{subsection.4.1.2}% 86
\BOOKMARK [3][-]{subsubsection.4.1.2.49}{\376\377\0004\000.\0001\000.\0002\000.\0004\0009\000\040\000u\000a\000r\000t\000\137\000r\000e\000a\000d\000\137\000b\000y\000t\000e\000\050\000\051}{subsection.4.1.2}% 87
\BOOKMARK [3][-]{subsubsection.4.1.2.50}{\376\377\0004\000.\0001\000.\0002\000.\0005\0000\000\040\000u\000a\000r\000t\000\137\000r\000x\000\137\000e\000m\000p\000t\000y\000\050\000\051}{subsection.4.1.2}% 88
\BOOKMARK [3][-]{subsubsection.4.1.2.51}{\376\377\0004\000.\0001\000.\0002\000.\0005\0001\000\040\000u\000a\000r\000t\000\137\000r\000x\000\137\000f\000u\000l\000l\000\050\000\051}{subsection.4.1.2}% 89
\BOOKMARK [3][-]{subsubsection.4.1.2.52}{\376\377\0004\000.\0001\000.\0002\000.\0005\0002\000\040\000u\000a\000r\000t\000\137\000s\000e\000n\000d\000\137\000u\000i\000n\000t\0003\0002\000\050\000\051}{subsection.4.1.2}% 90
\BOOKMARK [3][-]{subsubsection.4.1.2.53}{\376\377\0004\000.\0001\000.\0002\000.\0005\0003\000\040\000u\000a\000r\000t\000\137\000s\000e\000t\000\137\000b\000a\000u\000d\000\050\000\051}{subsection.4.1.2}% 91
\BOOKMARK [3][-]{subsubsection.4.1.2.54}{\376\377\0004\000.\0001\000.\0002\000.\0005\0004\000\040\000u\000a\000r\000t\000\137\000t\000x\000\137\000e\000m\000p\000t\000y\000\050\000\051}{subsection.4.1.2}% 92
\BOOKMARK [3][-]{subsubsection.4.1.2.55}{\376\377\0004\000.\0001\000.\0002\000.\0005\0005\000\040\000u\000a\000r\000t\000\137\000t\000x\000\137\000f\000u\000l\000l\000\050\000\051}{subsection.4.1.2}% 93
\BOOKMARK [3][-]{subsubsection.4.1.2.56}{\376\377\0004\000.\0001\000.\0002\000.\0005\0006\000\040\000u\000a\000r\000t\000\137\000w\000a\000i\000t\000\137\000r\000x\000\137\000d\000a\000t\000a\000\050\000\051}{subsection.4.1.2}% 94
\BOOKMARK [3][-]{subsubsection.4.1.2.57}{\376\377\0004\000.\0001\000.\0002\000.\0005\0007\000\040\000u\000a\000r\000t\000\137\000w\000a\000i\000t\000\137\000t\000x\000\137\000f\000u\000l\000l\000\050\000\051}{subsection.4.1.2}% 95
\BOOKMARK [3][-]{subsubsection.4.1.2.58}{\376\377\0004\000.\0001\000.\0002\000.\0005\0008\000\040\000u\000a\000r\000t\000\137\000w\000r\000i\000t\000e\000\137\000b\000u\000f\000f\000e\000r\000\050\000\051}{subsection.4.1.2}% 96
\BOOKMARK [3][-]{subsubsection.4.1.2.59}{\376\377\0004\000.\0001\000.\0002\000.\0005\0009\000\040\000u\000a\000r\000t\000\137\000w\000r\000i\000t\000e\000\137\000b\000y\000t\000e\000\050\000\051}{subsection.4.1.2}% 97
\BOOKMARK [1][-]{section.4.2}{\376\377\0004\000.\0002\000\040\000w\000g\000r\000h\000a\000l\000.\000c}{chapter.4}% 98
\BOOKMARK [1][-]{section.4.3}{\376\377\0004\000.\0003\000\040\000/\000h\000o\000m\000e\000/\000r\000u\000n\000n\000e\000r\000/\000w\000o\000r\000k\000/\000P\000R\000O\000E\000\137\000W\000G\000R\000-\000V\000/\000P\000R\000O\000E\000\137\000W\000G\000R\000-\000V\000/\000s\000r\000c\000/\000l\000i\000b\000/\000w\000g\000r\000h\000a\000l\000.\000h\000-\000D\000a\000t\000e\000i\000r\000e\000f\000e\000r\000e\000n\000z}{chapter.4}% 99
\BOOKMARK [2][-]{subsection.4.3.1}{\376\377\0004\000.\0003\000.\0001\000\040\000A\000u\000s\000f\000\374\000h\000r\000l\000i\000c\000h\000e\000\040\000B\000e\000s\000c\000h\000r\000e\000i\000b\000u\000n\000g}{section.4.3}% 100
\BOOKMARK [2][-]{subsection.4.3.2}{\376\377\0004\000.\0003\000.\0002\000\040\000M\000a\000k\000r\000o\000-\000D\000o\000k\000u\000m\000e\000n\000t\000a\000t\000i\000o\000n}{section.4.3}% 101
\BOOKMARK [3][-]{subsubsection.4.3.2.1}{\376\377\0004\000.\0003\000.\0002\000.\0001\000\040\000D\000E\000B\000U\000G\000\137\000A\000D\000D\000R}{subsection.4.3.2}% 102
\BOOKMARK [3][-]{subsubsection.4.3.2.2}{\376\377\0004\000.\0003\000.\0002\000.\0002\000\040\000D\000E\000F\000A\000U\000L\000T\000\137\000T\000I\000M\000E\000O\000U\000T}{subsection.4.3.2}% 103
\BOOKMARK [3][-]{subsubsection.4.3.2.3}{\376\377\0004\000.\0003\000.\0002\000.\0003\000\040\000G\000P\000I\000O\000\137\000B\000A\000S\000E\000\137\000A\000D\000D\000R}{subsection.4.3.2}% 104
\BOOKMARK [3][-]{subsubsection.4.3.2.4}{\376\377\0004\000.\0003\000.\0002\000.\0004\000\040\000G\000P\000I\000O\000\137\000D\000I\000R\000\137\000O\000F\000F\000S\000E\000T}{subsection.4.3.2}% 105
\BOOKMARK [3][-]{subsubsection.4.3.2.5}{\376\377\0004\000.\0003\000.\0002\000.\0005\000\040\000G\000P\000I\000O\000\137\000I\000N\000\137\000O\000F\000F\000S\000E\000T}{subsection.4.3.2}% 106
\BOOKMARK [3][-]{subsubsection.4.3.2.6}{\376\377\0004\000.\0003\000.\0002\000.\0006\000\040\000G\000P\000I\000O\000\137\000O\000U\000T\000\137\000O\000F\000F\000S\000E\000T}{subsection.4.3.2}% 107
\BOOKMARK [3][-]{subsubsection.4.3.2.7}{\376\377\0004\000.\0003\000.\0002\000.\0007\000\040\000G\000P\000I\000O\000\137\000O\000U\000T\000\137\000S\000T\000E\000P}{subsection.4.3.2}% 108
\BOOKMARK [3][-]{subsubsection.4.3.2.8}{\376\377\0004\000.\0003\000.\0002\000.\0008\000\040\000G\000P\000I\000O\000\137\000P\000I\000N\000\137\000C\000O\000U\000N\000T}{subsection.4.3.2}% 109
\BOOKMARK [3][-]{subsubsection.4.3.2.9}{\376\377\0004\000.\0003\000.\0002\000.\0009\000\040\000H\000W\000R\000E\000G\0003\0002}{subsection.4.3.2}% 110
\BOOKMARK [3][-]{subsubsection.4.3.2.10}{\376\377\0004\000.\0003\000.\0002\000.\0001\0000\000\040\000M\000A\000L\000L\000O\000C}{subsection.4.3.2}% 111
\BOOKMARK [3][-]{subsubsection.4.3.2.11}{\376\377\0004\000.\0003\000.\0002\000.\0001\0001\000\040\000n\000o\000p}{subsection.4.3.2}% 112
\BOOKMARK [3][-]{subsubsection.4.3.2.12}{\376\377\0004\000.\0003\000.\0002\000.\0001\0002\000\040\000P\000W\000M\000\137\000B\000A\000S\000E\000\137\000A\000D\000D\000R}{subsection.4.3.2}% 113
\BOOKMARK [3][-]{subsubsection.4.3.2.13}{\376\377\0004\000.\0003\000.\0002\000.\0001\0003\000\040\000P\000W\000M\000\137\000C\000O\000U\000N\000T\000E\000R\000\137\000O\000F\000F\000S\000E\000T}{subsection.4.3.2}% 114
\BOOKMARK [3][-]{subsubsection.4.3.2.14}{\376\377\0004\000.\0003\000.\0002\000.\0001\0004\000\040\000P\000W\000M\000\137\000C\000T\000R\000L\000\137\000O\000F\000F\000S\000E\000T}{subsection.4.3.2}% 115
\BOOKMARK [3][-]{subsubsection.4.3.2.15}{\376\377\0004\000.\0003\000.\0002\000.\0001\0005\000\040\000P\000W\000M\000\137\000D\000U\000T\000Y\000\137\000O\000F\000F\000S\000E\000T}{subsection.4.3.2}% 116
\BOOKMARK [3][-]{subsubsection.4.3.2.16}{\376\377\0004\000.\0003\000.\0002\000.\0001\0006\000\040\000P\000W\000M\000\137\000N\000O\000T\000E\000S}{subsection.4.3.2}% 117
\BOOKMARK [3][-]{subsubsection.4.3.2.17}{\376\377\0004\000.\0003\000.\0002\000.\0001\0007\000\040\000P\000W\000M\000\137\000P\000E\000R\000I\000O\000D\000\137\000O\000F\000F\000S\000E\000T}{subsection.4.3.2}% 118
\BOOKMARK [3][-]{subsubsection.4.3.2.18}{\376\377\0004\000.\0003\000.\0002\000.\0001\0008\000\040\000S\000S\000D\0001\0003\0005\0001}{subsection.4.3.2}% 119
\BOOKMARK [3][-]{subsubsection.4.3.2.19}{\376\377\0004\000.\0003\000.\0002\000.\0001\0009\000\040\000S\000Y\000S\000\137\000C\000L\000K\000\137\000O\000F\000F\000S\000E\000T}{subsection.4.3.2}% 120
\BOOKMARK [3][-]{subsubsection.4.3.2.20}{\376\377\0004\000.\0003\000.\0002\000.\0002\0000\000\040\000S\000Y\000S\000T\000E\000M\000\137\000C\000L\000O\000C\000K}{subsection.4.3.2}% 121
\BOOKMARK [3][-]{subsubsection.4.3.2.21}{\376\377\0004\000.\0003\000.\0002\000.\0002\0001\000\040\000T\000I\000M\000E\000\137\000B\000A\000S\000E\000\137\000A\000D\000D\000R}{subsection.4.3.2}% 122
\BOOKMARK [3][-]{subsubsection.4.3.2.22}{\376\377\0004\000.\0003\000.\0002\000.\0002\0002\000\040\000T\000I\000M\000E\000\137\000M\000I\000K\000\137\000H\000\137\000O\000F\000F\000S\000E\000T}{subsection.4.3.2}% 123
\BOOKMARK [3][-]{subsubsection.4.3.2.23}{\376\377\0004\000.\0003\000.\0002\000.\0002\0003\000\040\000T\000I\000M\000E\000\137\000M\000I\000K\000\137\000L\000\137\000O\000F\000F\000S\000E\000T}{subsection.4.3.2}% 124
\BOOKMARK [3][-]{subsubsection.4.3.2.24}{\376\377\0004\000.\0003\000.\0002\000.\0002\0004\000\040\000T\000I\000M\000E\000\137\000M\000S\000\137\000H\000\137\000O\000F\000F\000S\000E\000T}{subsection.4.3.2}% 125
\BOOKMARK [3][-]{subsubsection.4.3.2.25}{\376\377\0004\000.\0003\000.\0002\000.\0002\0005\000\040\000T\000I\000M\000E\000\137\000M\000S\000\137\000L\000\137\000O\000F\000F\000S\000E\000T}{subsection.4.3.2}% 126
\BOOKMARK [3][-]{subsubsection.4.3.2.26}{\376\377\0004\000.\0003\000.\0002\000.\0002\0006\000\040\000U\000A\000R\000T\000\137\000B\000A\000S\000E\000\137\000A\000D\000D\000R}{subsection.4.3.2}% 127
\BOOKMARK [3][-]{subsubsection.4.3.2.27}{\376\377\0004\000.\0003\000.\0002\000.\0002\0007\000\040\000U\000A\000R\000T\000\137\000B\000A\000U\000D\000\137\000O\000F\000F\000S\000E\000T}{subsection.4.3.2}% 128
\BOOKMARK [3][-]{subsubsection.4.3.2.28}{\376\377\0004\000.\0003\000.\0002\000.\0002\0008\000\040\000U\000A\000R\000T\000\137\000C\000T\000R\000L\000\137\000O\000F\000F\000S\000E\000T}{subsection.4.3.2}% 129
\BOOKMARK [3][-]{subsubsection.4.3.2.29}{\376\377\0004\000.\0003\000.\0002\000.\0002\0009\000\040\000U\000A\000R\000T\000\137\000R\000X\000\137\000O\000F\000F\000S\000E\000T}{subsection.4.3.2}% 130
\BOOKMARK [3][-]{subsubsection.4.3.2.30}{\376\377\0004\000.\0003\000.\0002\000.\0003\0000\000\040\000U\000A\000R\000T\000\137\000S\000T\000A\000T\000U\000S\000\137\000O\000F\000F\000S\000E\000T}{subsection.4.3.2}% 131
\BOOKMARK [3][-]{subsubsection.4.3.2.31}{\376\377\0004\000.\0003\000.\0002\000.\0003\0001\000\040\000U\000A\000R\000T\000\137\000T\000X\000\137\000O\000F\000F\000S\000E\000T}{subsection.4.3.2}% 132
\BOOKMARK [2][-]{subsection.4.3.3}{\376\377\0004\000.\0003\000.\0003\000\040\000D\000o\000k\000u\000m\000e\000n\000t\000a\000t\000i\000o\000n\000\040\000d\000e\000r\000\040\000F\000u\000n\000k\000t\000i\000o\000n\000e\000n}{section.4.3}% 133
\BOOKMARK [3][-]{subsubsection.4.3.3.1}{\376\377\0004\000.\0003\000.\0003\000.\0001\000\040\000d\000e\000b\000u\000g\000\137\000w\000r\000i\000t\000e\000\050\000\051}{subsection.4.3.3}% 134
\BOOKMARK [3][-]{subsubsection.4.3.3.2}{\376\377\0004\000.\0003\000.\0003\000.\0002\000\040\000d\000e\000l\000a\000y\000\050\000\051}{subsection.4.3.3}% 135
\BOOKMARK [3][-]{subsubsection.4.3.3.3}{\376\377\0004\000.\0003\000.\0003\000.\0003\000\040\000d\000e\000l\000a\000y\000\137\000m\000i\000c\000r\000o\000\050\000\051}{subsection.4.3.3}% 136
\BOOKMARK [3][-]{subsubsection.4.3.3.4}{\376\377\0004\000.\0003\000.\0003\000.\0004\000\040\000g\000e\000t\000\137\000s\000y\000s\000\137\000c\000l\000k\000\050\000\051}{subsection.4.3.3}% 137
\BOOKMARK [3][-]{subsubsection.4.3.3.5}{\376\377\0004\000.\0003\000.\0003\000.\0005\000\040\000g\000p\000i\000o\000\137\000r\000e\000a\000d\000\137\000a\000l\000l\000\137\000p\000i\000n\000s\000\050\000\051}{subsection.4.3.3}% 138
\BOOKMARK [3][-]{subsubsection.4.3.3.6}{\376\377\0004\000.\0003\000.\0003\000.\0006\000\040\000g\000p\000i\000o\000\137\000r\000e\000a\000d\000\137\000d\000i\000r\000e\000c\000t\000i\000o\000n\000\050\000\051}{subsection.4.3.3}% 139
\BOOKMARK [3][-]{subsubsection.4.3.3.7}{\376\377\0004\000.\0003\000.\0003\000.\0007\000\040\000g\000p\000i\000o\000\137\000r\000e\000a\000d\000\137\000p\000i\000n\000\050\000\051}{subsection.4.3.3}% 140
\BOOKMARK [3][-]{subsubsection.4.3.3.8}{\376\377\0004\000.\0003\000.\0003\000.\0008\000\040\000g\000p\000i\000o\000\137\000s\000e\000t\000\137\000d\000i\000r\000e\000c\000t\000i\000o\000n\000\050\000\051}{subsection.4.3.3}% 141
\BOOKMARK [3][-]{subsubsection.4.3.3.9}{\376\377\0004\000.\0003\000.\0003\000.\0009\000\040\000g\000p\000i\000o\000\137\000w\000r\000i\000t\000e\000\137\000p\000i\000n\000\050\000\051}{subsection.4.3.3}% 142
\BOOKMARK [3][-]{subsubsection.4.3.3.10}{\376\377\0004\000.\0003\000.\0003\000.\0001\0000\000\040\000i\000n\000t\000\137\000t\000o\000\137\000s\000t\000r\000\050\000\051}{subsection.4.3.3}% 143
\BOOKMARK [3][-]{subsubsection.4.3.3.11}{\376\377\0004\000.\0003\000.\0003\000.\0001\0001\000\040\000m\000e\000m\000c\000p\000y\000\050\000\051}{subsection.4.3.3}% 144
\BOOKMARK [3][-]{subsubsection.4.3.3.12}{\376\377\0004\000.\0003\000.\0003\000.\0001\0002\000\040\000m\000e\000m\000m\000o\000v\000e\000\050\000\051}{subsection.4.3.3}% 145
\BOOKMARK [3][-]{subsubsection.4.3.3.13}{\376\377\0004\000.\0003\000.\0003\000.\0001\0003\000\040\000m\000e\000m\000s\000e\000t\000\050\000\051}{subsection.4.3.3}% 146
\BOOKMARK [3][-]{subsubsection.4.3.3.14}{\376\377\0004\000.\0003\000.\0003\000.\0001\0004\000\040\000m\000i\000c\000r\000o\000s\000\050\000\051}{subsection.4.3.3}% 147
\BOOKMARK [3][-]{subsubsection.4.3.3.15}{\376\377\0004\000.\0003\000.\0003\000.\0001\0005\000\040\000m\000i\000c\000r\000o\000s\000\137\000l\000o\000n\000g\000\050\000\051}{subsection.4.3.3}% 148
\BOOKMARK [3][-]{subsubsection.4.3.3.16}{\376\377\0004\000.\0003\000.\0003\000.\0001\0006\000\040\000m\000i\000c\000r\000o\000s\000\137\000r\000e\000s\000e\000t\000\050\000\051}{subsection.4.3.3}% 149
\BOOKMARK [3][-]{subsubsection.4.3.3.17}{\376\377\0004\000.\0003\000.\0003\000.\0001\0007\000\040\000m\000i\000l\000l\000i\000s\000\050\000\051}{subsection.4.3.3}% 150
\BOOKMARK [3][-]{subsubsection.4.3.3.18}{\376\377\0004\000.\0003\000.\0003\000.\0001\0008\000\040\000m\000i\000l\000l\000i\000s\000\137\000l\000o\000n\000g\000\050\000\051}{subsection.4.3.3}% 151
\BOOKMARK [3][-]{subsubsection.4.3.3.19}{\376\377\0004\000.\0003\000.\0003\000.\0001\0009\000\040\000m\000i\000l\000l\000i\000s\000\137\000r\000e\000s\000e\000t\000\050\000\051}{subsection.4.3.3}% 152
\BOOKMARK [3][-]{subsubsection.4.3.3.20}{\376\377\0004\000.\0003\000.\0003\000.\0002\0000\000\040\000p\000a\000r\000s\000e\000\137\000i\000n\000t\000\137\000m\000u\000l\000t\000i\000\050\000\051}{subsection.4.3.3}% 153
\BOOKMARK [3][-]{subsubsection.4.3.3.21}{\376\377\0004\000.\0003\000.\0003\000.\0002\0001\000\040\000p\000a\000r\000s\000e\000\137\000i\000n\000t\000e\000g\000e\000r\000\050\000\051}{subsection.4.3.3}% 154
\BOOKMARK [3][-]{subsubsection.4.3.3.22}{\376\377\0004\000.\0003\000.\0003\000.\0002\0002\000\040\000p\000w\000m\000\137\000g\000e\000t\000\137\000c\000o\000n\000t\000r\000o\000l\000\050\000\051}{subsection.4.3.3}% 155
\BOOKMARK [3][-]{subsubsection.4.3.3.23}{\376\377\0004\000.\0003\000.\0003\000.\0002\0003\000\040\000p\000w\000m\000\137\000g\000e\000t\000\137\000c\000o\000u\000n\000t\000e\000r\000\050\000\051}{subsection.4.3.3}% 156
\BOOKMARK [3][-]{subsubsection.4.3.3.24}{\376\377\0004\000.\0003\000.\0003\000.\0002\0004\000\040\000p\000w\000m\000\137\000g\000e\000t\000\137\000d\000u\000t\000y\000\050\000\051}{subsection.4.3.3}% 157
\BOOKMARK [3][-]{subsubsection.4.3.3.25}{\376\377\0004\000.\0003\000.\0003\000.\0002\0005\000\040\000p\000w\000m\000\137\000g\000e\000t\000\137\000m\000o\000d\000e\000\050\000\051}{subsection.4.3.3}% 158
\BOOKMARK [3][-]{subsubsection.4.3.3.26}{\376\377\0004\000.\0003\000.\0003\000.\0002\0006\000\040\000p\000w\000m\000\137\000g\000e\000t\000\137\000p\000e\000r\000i\000o\000d\000\050\000\051}{subsection.4.3.3}% 159
\BOOKMARK [3][-]{subsubsection.4.3.3.27}{\376\377\0004\000.\0003\000.\0003\000.\0002\0007\000\040\000p\000w\000m\000\137\000g\000e\000t\000\137\000p\000r\000e\000\137\000c\000o\000u\000n\000t\000e\000r\000\050\000\051}{subsection.4.3.3}% 160
\BOOKMARK [3][-]{subsubsection.4.3.3.28}{\376\377\0004\000.\0003\000.\0003\000.\0002\0008\000\040\000p\000w\000m\000\137\000s\000e\000t\000\137\0005\0000\000\137\000p\000e\000r\000c\000e\000n\000t\000\137\000m\000o\000d\000e\000\050\000\051}{subsection.4.3.3}% 161
\BOOKMARK [3][-]{subsubsection.4.3.3.29}{\376\377\0004\000.\0003\000.\0003\000.\0002\0009\000\040\000p\000w\000m\000\137\000s\000e\000t\000\137\000c\000o\000n\000t\000r\000o\000l\000\050\000\051}{subsection.4.3.3}% 162
\BOOKMARK [3][-]{subsubsection.4.3.3.30}{\376\377\0004\000.\0003\000.\0003\000.\0003\0000\000\040\000p\000w\000m\000\137\000s\000e\000t\000\137\000d\000u\000t\000y\000\050\000\051}{subsection.4.3.3}% 163
\BOOKMARK [3][-]{subsubsection.4.3.3.31}{\376\377\0004\000.\0003\000.\0003\000.\0003\0001\000\040\000p\000w\000m\000\137\000s\000e\000t\000\137\000m\000o\000d\000e\000\050\000\051}{subsection.4.3.3}% 164
\BOOKMARK [3][-]{subsubsection.4.3.3.32}{\376\377\0004\000.\0003\000.\0003\000.\0003\0002\000\040\000p\000w\000m\000\137\000s\000e\000t\000\137\000p\000e\000r\000i\000o\000d\000\050\000\051}{subsection.4.3.3}% 165
\BOOKMARK [3][-]{subsubsection.4.3.3.33}{\376\377\0004\000.\0003\000.\0003\000.\0003\0003\000\040\000p\000w\000m\000\137\000s\000e\000t\000\137\000p\000r\000e\000\137\000c\000o\000u\000n\000t\000e\000r\000\050\000\051}{subsection.4.3.3}% 166
\BOOKMARK [3][-]{subsubsection.4.3.3.34}{\376\377\0004\000.\0003\000.\0003\000.\0003\0004\000\040\000s\000t\000r\000c\000m\000p\000\050\000\051}{subsection.4.3.3}% 167
\BOOKMARK [3][-]{subsubsection.4.3.3.35}{\376\377\0004\000.\0003\000.\0003\000.\0003\0005\000\040\000s\000t\000r\000c\000p\000y\000\050\000\051}{subsection.4.3.3}% 168
\BOOKMARK [3][-]{subsubsection.4.3.3.36}{\376\377\0004\000.\0003\000.\0003\000.\0003\0006\000\040\000s\000t\000r\000l\000e\000n\000\050\000\051}{subsection.4.3.3}% 169
\BOOKMARK [3][-]{subsubsection.4.3.3.37}{\376\377\0004\000.\0003\000.\0003\000.\0003\0007\000\040\000s\000t\000r\000n\000c\000m\000p\000\050\000\051}{subsection.4.3.3}% 170
\BOOKMARK [3][-]{subsubsection.4.3.3.38}{\376\377\0004\000.\0003\000.\0003\000.\0003\0008\000\040\000u\000a\000r\000t\000\137\000d\000i\000s\000a\000b\000l\000e\000\050\000\051}{subsection.4.3.3}% 171
\BOOKMARK [3][-]{subsubsection.4.3.3.39}{\376\377\0004\000.\0003\000.\0003\000.\0003\0009\000\040\000u\000a\000r\000t\000\137\000e\000n\000a\000b\000l\000e\000\050\000\051}{subsection.4.3.3}% 172
\BOOKMARK [3][-]{subsubsection.4.3.3.40}{\376\377\0004\000.\0003\000.\0003\000.\0004\0000\000\040\000u\000a\000r\000t\000\137\000g\000e\000t\000\137\000s\000t\000a\000t\000u\000s\000\050\000\051}{subsection.4.3.3}% 173
\BOOKMARK [3][-]{subsubsection.4.3.3.41}{\376\377\0004\000.\0003\000.\0003\000.\0004\0001\000\040\000u\000a\000r\000t\000\137\000g\000e\000t\000c\000h\000a\000r\000\050\000\051}{subsection.4.3.3}% 174
\BOOKMARK [3][-]{subsubsection.4.3.3.42}{\376\377\0004\000.\0003\000.\0003\000.\0004\0002\000\040\000u\000a\000r\000t\000\137\000i\000s\000\137\000b\000u\000s\000y\000\050\000\051}{subsection.4.3.3}% 175
\BOOKMARK [3][-]{subsubsection.4.3.3.43}{\376\377\0004\000.\0003\000.\0003\000.\0004\0003\000\040\000u\000a\000r\000t\000\137\000i\000s\000\137\000r\000e\000a\000d\000y\000\050\000\051}{subsection.4.3.3}% 176
\BOOKMARK [3][-]{subsubsection.4.3.3.44}{\376\377\0004\000.\0003\000.\0003\000.\0004\0004\000\040\000u\000a\000r\000t\000\137\000p\000r\000i\000n\000t\000\050\000\051}{subsection.4.3.3}% 177
\BOOKMARK [3][-]{subsubsection.4.3.3.45}{\376\377\0004\000.\0003\000.\0003\000.\0004\0005\000\040\000u\000a\000r\000t\000\137\000p\000r\000i\000n\000t\000\137\000i\000n\000t\000\050\000\051}{subsection.4.3.3}% 178
\BOOKMARK [3][-]{subsubsection.4.3.3.46}{\376\377\0004\000.\0003\000.\0003\000.\0004\0006\000\040\000u\000a\000r\000t\000\137\000p\000r\000i\000n\000t\000\137\000u\000i\000n\000t\000\050\000\051}{subsection.4.3.3}% 179
\BOOKMARK [3][-]{subsubsection.4.3.3.47}{\376\377\0004\000.\0003\000.\0003\000.\0004\0007\000\040\000u\000a\000r\000t\000\137\000p\000u\000t\000c\000h\000a\000r\000\050\000\051}{subsection.4.3.3}% 180
\BOOKMARK [3][-]{subsubsection.4.3.3.48}{\376\377\0004\000.\0003\000.\0003\000.\0004\0008\000\040\000u\000a\000r\000t\000\137\000p\000u\000t\000c\000h\000a\000r\000\137\000d\000e\000f\000a\000u\000l\000t\000\137\000t\000i\000m\000e\000o\000u\000t\000\050\000\051}{subsection.4.3.3}% 181
\BOOKMARK [3][-]{subsubsection.4.3.3.49}{\376\377\0004\000.\0003\000.\0003\000.\0004\0009\000\040\000u\000a\000r\000t\000\137\000r\000e\000a\000d\000\137\000b\000u\000f\000f\000e\000r\000\050\000\051}{subsection.4.3.3}% 182
\BOOKMARK [3][-]{subsubsection.4.3.3.50}{\376\377\0004\000.\0003\000.\0003\000.\0005\0000\000\040\000u\000a\000r\000t\000\137\000r\000e\000a\000d\000\137\000b\000y\000t\000e\000\050\000\051}{subsection.4.3.3}% 183
\BOOKMARK [3][-]{subsubsection.4.3.3.51}{\376\377\0004\000.\0003\000.\0003\000.\0005\0001\000\040\000u\000a\000r\000t\000\137\000r\000x\000\137\000e\000m\000p\000t\000y\000\050\000\051}{subsection.4.3.3}% 184
\BOOKMARK [3][-]{subsubsection.4.3.3.52}{\376\377\0004\000.\0003\000.\0003\000.\0005\0002\000\040\000u\000a\000r\000t\000\137\000r\000x\000\137\000f\000u\000l\000l\000\050\000\051}{subsection.4.3.3}% 185
\BOOKMARK [3][-]{subsubsection.4.3.3.53}{\376\377\0004\000.\0003\000.\0003\000.\0005\0003\000\040\000u\000a\000r\000t\000\137\000s\000e\000n\000d\000\137\000u\000i\000n\000t\0003\0002\000\050\000\051}{subsection.4.3.3}% 186
\BOOKMARK [3][-]{subsubsection.4.3.3.54}{\376\377\0004\000.\0003\000.\0003\000.\0005\0004\000\040\000u\000a\000r\000t\000\137\000s\000e\000t\000\137\000b\000a\000u\000d\000\050\000\051}{subsection.4.3.3}% 187
\BOOKMARK [3][-]{subsubsection.4.3.3.55}{\376\377\0004\000.\0003\000.\0003\000.\0005\0005\000\040\000u\000a\000r\000t\000\137\000t\000x\000\137\000e\000m\000p\000t\000y\000\050\000\051}{subsection.4.3.3}% 188
\BOOKMARK [3][-]{subsubsection.4.3.3.56}{\376\377\0004\000.\0003\000.\0003\000.\0005\0006\000\040\000u\000a\000r\000t\000\137\000t\000x\000\137\000f\000u\000l\000l\000\050\000\051}{subsection.4.3.3}% 189
\BOOKMARK [3][-]{subsubsection.4.3.3.57}{\376\377\0004\000.\0003\000.\0003\000.\0005\0007\000\040\000u\000a\000r\000t\000\137\000w\000a\000i\000t\000\137\000r\000x\000\137\000d\000a\000t\000a\000\050\000\051}{subsection.4.3.3}% 190
\BOOKMARK [3][-]{subsubsection.4.3.3.58}{\376\377\0004\000.\0003\000.\0003\000.\0005\0008\000\040\000u\000a\000r\000t\000\137\000w\000a\000i\000t\000\137\000t\000x\000\137\000f\000u\000l\000l\000\050\000\051}{subsection.4.3.3}% 191
\BOOKMARK [3][-]{subsubsection.4.3.3.59}{\376\377\0004\000.\0003\000.\0003\000.\0005\0009\000\040\000u\000a\000r\000t\000\137\000w\000r\000i\000t\000e\000\137\000b\000u\000f\000f\000e\000r\000\050\000\051}{subsection.4.3.3}% 192
\BOOKMARK [3][-]{subsubsection.4.3.3.60}{\376\377\0004\000.\0003\000.\0003\000.\0006\0000\000\040\000u\000a\000r\000t\000\137\000w\000r\000i\000t\000e\000\137\000b\000y\000t\000e\000\050\000\051}{subsection.4.3.3}% 193
\BOOKMARK [1][-]{section.4.4}{\376\377\0004\000.\0004\000\040\000w\000g\000r\000h\000a\000l\000.\000h}{chapter.4}% 194
\BOOKMARK [1][-]{section.4.5}{\376\377\0004\000.\0005\000\040\000/\000h\000o\000m\000e\000/\000r\000u\000n\000n\000e\000r\000/\000w\000o\000r\000k\000/\000P\000R\000O\000E\000\137\000W\000G\000R\000-\000V\000/\000P\000R\000O\000E\000\137\000W\000G\000R\000-\000V\000/\000s\000r\000c\000/\000l\000i\000b\000/\000w\000g\000r\000h\000a\000l\000\137\000e\000x\000t\000.\000c\000-\000D\000a\000t\000e\000i\000r\000e\000f\000e\000r\000e\000n\000z}{chapter.4}% 195
\BOOKMARK [2][-]{subsection.4.5.1}{\376\377\0004\000.\0005\000.\0001\000\040\000A\000u\000s\000f\000\374\000h\000r\000l\000i\000c\000h\000e\000\040\000B\000e\000s\000c\000h\000r\000e\000i\000b\000u\000n\000g}{section.4.5}% 196
\BOOKMARK [2][-]{subsection.4.5.2}{\376\377\0004\000.\0005\000.\0002\000\040\000M\000a\000k\000r\000o\000-\000D\000o\000k\000u\000m\000e\000n\000t\000a\000t\000i\000o\000n}{section.4.5}% 197
\BOOKMARK [3][-]{subsubsection.4.5.2.1}{\376\377\0004\000.\0005\000.\0002\000.\0001\000\040\000E\000N\000O\000M\000E\000M}{subsection.4.5.2}% 198
\BOOKMARK [3][-]{subsubsection.4.5.2.2}{\376\377\0004\000.\0005\000.\0002\000.\0002\000\040\000N\000A\000L\000L\000O\000C}{subsection.4.5.2}% 199
\BOOKMARK [2][-]{subsection.4.5.3}{\376\377\0004\000.\0005\000.\0003\000\040\000D\000o\000k\000u\000m\000e\000n\000t\000a\000t\000i\000o\000n\000\040\000d\000e\000r\000\040\000b\000e\000n\000u\000t\000z\000e\000r\000d\000e\000f\000i\000n\000i\000e\000r\000t\000e\000n\000\040\000T\000y\000p\000e\000n}{section.4.5}% 200
\BOOKMARK [3][-]{subsubsection.4.5.3.1}{\376\377\0004\000.\0005\000.\0003\000.\0001\000\040\000A\000l\000i\000g\000n}{subsection.4.5.3}% 201
\BOOKMARK [3][-]{subsubsection.4.5.3.2}{\376\377\0004\000.\0005\000.\0003\000.\0002\000\040\000H\000e\000a\000d\000e\000r}{subsection.4.5.3}% 202
\BOOKMARK [3][-]{subsubsection.4.5.3.3}{\376\377\0004\000.\0005\000.\0003\000.\0003\000\040\000p\000t\000r\000d\000i\000f\000f\000\137\000t}{subsection.4.5.3}% 203
\BOOKMARK [2][-]{subsection.4.5.4}{\376\377\0004\000.\0005\000.\0004\000\040\000D\000o\000k\000u\000m\000e\000n\000t\000a\000t\000i\000o\000n\000\040\000d\000e\000r\000\040\000F\000u\000n\000k\000t\000i\000o\000n\000e\000n}{section.4.5}% 204
\BOOKMARK [3][-]{subsubsection.4.5.4.1}{\376\377\0004\000.\0005\000.\0004\000.\0001\000\040\000c\000a\000l\000l\000o\000c\000\050\000\051}{subsection.4.5.4}% 205
\BOOKMARK [3][-]{subsubsection.4.5.4.2}{\376\377\0004\000.\0005\000.\0004\000.\0002\000\040\000c\000l\000e\000a\000r\000\137\000t\000e\000r\000m\000i\000n\000a\000l\000\050\000\051}{subsection.4.5.4}% 206
\BOOKMARK [3][-]{subsubsection.4.5.4.3}{\376\377\0004\000.\0005\000.\0004\000.\0003\000\040\000c\000l\000e\000a\000r\000\137\000t\000e\000r\000m\000i\000n\000a\000l\000\137\000r\000o\000w\000\050\000\051}{subsection.4.5.4}% 207
\BOOKMARK [3][-]{subsubsection.4.5.4.4}{\376\377\0004\000.\0005\000.\0004\000.\0004\000\040\000d\000i\000v\000\137\000c\000a\000l\000c\000\050\000\051}{subsection.4.5.4}% 208
\BOOKMARK [3][-]{subsubsection.4.5.4.5}{\376\377\0004\000.\0005\000.\0004\000.\0005\000\040\000d\000i\000v\000\137\000c\000a\000l\000c\000\137\000q\000u\000o\000t\000i\000e\000n\000t\000\050\000\051}{subsection.4.5.4}% 209
\BOOKMARK [3][-]{subsubsection.4.5.4.6}{\376\377\0004\000.\0005\000.\0004\000.\0006\000\040\000d\000i\000v\000\137\000c\000a\000l\000c\000\137\000r\000e\000m\000a\000i\000n\000d\000e\000r\000\050\000\051}{subsection.4.5.4}% 210
\BOOKMARK [3][-]{subsubsection.4.5.4.7}{\376\377\0004\000.\0005\000.\0004\000.\0007\000\040\000d\000r\000a\000w\000\137\000c\000h\000a\000r\000\137\000c\000e\000l\000l\000\050\000\051}{subsection.4.5.4}% 211
\BOOKMARK [3][-]{subsubsection.4.5.4.8}{\376\377\0004\000.\0005\000.\0004\000.\0008\000\040\000d\000r\000a\000w\000\137\000c\000h\000a\000r\000\137\000c\000e\000l\000l\000\137\000c\000u\000s\000t\000o\000m\000\050\000\051}{subsection.4.5.4}% 212
\BOOKMARK [3][-]{subsubsection.4.5.4.9}{\376\377\0004\000.\0005\000.\0004\000.\0009\000\040\000d\000r\000a\000w\000\137\000s\000t\000a\000t\000u\000s\000\137\000b\000a\000r\000\050\000\051}{subsection.4.5.4}% 213
\BOOKMARK [3][-]{subsubsection.4.5.4.10}{\376\377\0004\000.\0005\000.\0004\000.\0001\0000\000\040\000f\000r\000e\000e\000\050\000\051}{subsection.4.5.4}% 214
\BOOKMARK [3][-]{subsubsection.4.5.4.11}{\376\377\0004\000.\0005\000.\0004\000.\0001\0001\000\040\000h\000e\000a\000p\000\137\000f\000r\000e\000e\000\137\000s\000p\000a\000c\000e\000\050\000\051}{subsection.4.5.4}% 215
\BOOKMARK [3][-]{subsubsection.4.5.4.12}{\376\377\0004\000.\0005\000.\0004\000.\0001\0002\000\040\000m\000a\000l\000l\000o\000c\000\050\000\051}{subsection.4.5.4}% 216
\BOOKMARK [3][-]{subsubsection.4.5.4.13}{\376\377\0004\000.\0005\000.\0004\000.\0001\0003\000\040\000m\000u\000l\000t\000\137\000c\000a\000l\000c\000\050\000\051}{subsection.4.5.4}% 217
\BOOKMARK [3][-]{subsubsection.4.5.4.14}{\376\377\0004\000.\0005\000.\0004\000.\0001\0004\000\040\000m\000u\000l\000t\000\137\000c\000a\000l\000c\000\137\0006\0004\000\050\000\051}{subsection.4.5.4}% 218
\BOOKMARK [3][-]{subsubsection.4.5.4.15}{\376\377\0004\000.\0005\000.\0004\000.\0001\0005\000\040\000p\000r\000i\000n\000t\000\137\000e\000r\000r\000o\000r\000\050\000\051}{subsection.4.5.4}% 219
\BOOKMARK [3][-]{subsubsection.4.5.4.16}{\376\377\0004\000.\0005\000.\0004\000.\0001\0006\000\040\000p\000r\000i\000n\000t\000\137\000o\000k\000\050\000\051}{subsection.4.5.4}% 220
\BOOKMARK [3][-]{subsubsection.4.5.4.17}{\376\377\0004\000.\0005\000.\0004\000.\0001\0007\000\040\000p\000r\000i\000n\000t\000\137\000o\000k\000\137\000r\000e\000s\000\050\000\051}{subsection.4.5.4}% 221
\BOOKMARK [3][-]{subsubsection.4.5.4.18}{\376\377\0004\000.\0005\000.\0004\000.\0001\0008\000\040\000p\000w\000m\000\137\000f\000r\000e\000e\000\137\000n\000o\000t\000e\000\137\000b\000u\000f\000f\000e\000r\000\050\000\051}{subsection.4.5.4}% 222
\BOOKMARK [3][-]{subsubsection.4.5.4.19}{\376\377\0004\000.\0005\000.\0004\000.\0001\0009\000\040\000p\000w\000m\000\137\000p\000l\000a\000y\000\137\000n\000o\000t\000e\000\050\000\051}{subsection.4.5.4}% 223
\BOOKMARK [3][-]{subsubsection.4.5.4.20}{\376\377\0004\000.\0005\000.\0004\000.\0002\0000\000\040\000p\000w\000m\000\137\000p\000r\000e\000c\000o\000m\000p\000u\000t\000e\000\137\000n\000o\000t\000e\000s\000\050\000\051}{subsection.4.5.4}% 224
\BOOKMARK [3][-]{subsubsection.4.5.4.21}{\376\377\0004\000.\0005\000.\0004\000.\0002\0001\000\040\000r\000e\000a\000l\000l\000o\000c\000\050\000\051}{subsection.4.5.4}% 225
\BOOKMARK [3][-]{subsubsection.4.5.4.22}{\376\377\0004\000.\0005\000.\0004\000.\0002\0002\000\040\000s\000p\000i\000\137\000a\000u\000t\000o\000m\000a\000t\000i\000c\000\137\000c\000s\000\050\000\051}{subsection.4.5.4}% 226
\BOOKMARK [3][-]{subsubsection.4.5.4.23}{\376\377\0004\000.\0005\000.\0004\000.\0002\0003\000\040\000s\000p\000i\000\137\000c\000s\000\050\000\051}{subsection.4.5.4}% 227
\BOOKMARK [3][-]{subsubsection.4.5.4.24}{\376\377\0004\000.\0005\000.\0004\000.\0002\0004\000\040\000s\000p\000i\000\137\000d\000i\000s\000a\000b\000l\000e\000\050\000\051}{subsection.4.5.4}% 228
\BOOKMARK [3][-]{subsubsection.4.5.4.25}{\376\377\0004\000.\0005\000.\0004\000.\0002\0005\000\040\000s\000p\000i\000\137\000e\000n\000a\000b\000l\000e\000\050\000\051}{subsection.4.5.4}% 229
\BOOKMARK [3][-]{subsubsection.4.5.4.26}{\376\377\0004\000.\0005\000.\0004\000.\0002\0006\000\040\000s\000p\000i\000\137\000f\000i\000f\000o\000\137\000f\000u\000l\000l\000\050\000\051}{subsection.4.5.4}% 230
\BOOKMARK [3][-]{subsubsection.4.5.4.27}{\376\377\0004\000.\0005\000.\0004\000.\0002\0007\000\040\000s\000p\000i\000\137\000g\000e\000t\000\137\000s\000t\000a\000t\000u\000s\000\050\000\051}{subsection.4.5.4}% 231
\BOOKMARK [3][-]{subsubsection.4.5.4.28}{\376\377\0004\000.\0005\000.\0004\000.\0002\0008\000\040\000s\000p\000i\000\137\000i\000s\000\137\000b\000u\000s\000y\000\050\000\051}{subsection.4.5.4}% 232
\BOOKMARK [3][-]{subsubsection.4.5.4.29}{\376\377\0004\000.\0005\000.\0004\000.\0002\0009\000\040\000s\000p\000i\000\137\000i\000s\000\137\000r\000e\000a\000d\000y\000\050\000\051}{subsection.4.5.4}% 233
\BOOKMARK [3][-]{subsubsection.4.5.4.30}{\376\377\0004\000.\0005\000.\0004\000.\0003\0000\000\040\000s\000p\000i\000\137\000r\000e\000a\000d\000\137\000b\000u\000f\000f\000e\000r\000\050\000\051}{subsection.4.5.4}% 234
\BOOKMARK [3][-]{subsubsection.4.5.4.31}{\376\377\0004\000.\0005\000.\0004\000.\0003\0001\000\040\000s\000p\000i\000\137\000r\000e\000a\000d\000\137\000b\000y\000t\000e\000\050\000\051}{subsection.4.5.4}% 235
\BOOKMARK [3][-]{subsubsection.4.5.4.32}{\376\377\0004\000.\0005\000.\0004\000.\0003\0002\000\040\000s\000p\000i\000\137\000r\000x\000\137\000e\000m\000p\000t\000y\000\050\000\051}{subsection.4.5.4}% 236
\BOOKMARK [3][-]{subsubsection.4.5.4.33}{\376\377\0004\000.\0005\000.\0004\000.\0003\0003\000\040\000s\000p\000i\000\137\000r\000x\000\137\000f\000u\000l\000l\000\050\000\051}{subsection.4.5.4}% 237
\BOOKMARK [3][-]{subsubsection.4.5.4.34}{\376\377\0004\000.\0005\000.\0004\000.\0003\0004\000\040\000s\000p\000i\000\137\000s\000e\000t\000\137\000c\000l\000o\000c\000k\000\137\000d\000i\000v\000i\000d\000e\000r\000\050\000\051}{subsection.4.5.4}% 238
\BOOKMARK [3][-]{subsubsection.4.5.4.35}{\376\377\0004\000.\0005\000.\0004\000.\0003\0005\000\040\000s\000p\000i\000\137\000s\000e\000t\000\137\000c\000l\000o\000c\000k\000\137\000o\000f\000f\000s\000e\000t\000\050\000\051}{subsection.4.5.4}% 239
\BOOKMARK [3][-]{subsubsection.4.5.4.36}{\376\377\0004\000.\0005\000.\0004\000.\0003\0006\000\040\000s\000p\000i\000\137\000t\000x\000\137\000e\000m\000p\000t\000y\000\050\000\051}{subsection.4.5.4}% 240
\BOOKMARK [3][-]{subsubsection.4.5.4.37}{\376\377\0004\000.\0005\000.\0004\000.\0003\0007\000\040\000s\000p\000i\000\137\000t\000x\000\137\000f\000u\000l\000l\000\050\000\051}{subsection.4.5.4}% 241
\BOOKMARK [3][-]{subsubsection.4.5.4.38}{\376\377\0004\000.\0005\000.\0004\000.\0003\0008\000\040\000s\000p\000i\000\137\000w\000a\000i\000t\000\137\000r\000x\000\137\000d\000a\000t\000a\000\050\000\051}{subsection.4.5.4}% 242
\BOOKMARK [3][-]{subsubsection.4.5.4.39}{\376\377\0004\000.\0005\000.\0004\000.\0003\0009\000\040\000s\000p\000i\000\137\000w\000r\000i\000t\000e\000\137\000b\000u\000f\000f\000e\000r\000\050\000\051}{subsection.4.5.4}% 243
\BOOKMARK [3][-]{subsubsection.4.5.4.40}{\376\377\0004\000.\0005\000.\0004\000.\0004\0000\000\040\000s\000p\000i\000\137\000w\000r\000i\000t\000e\000\137\000b\000y\000t\000e\000\050\000\051}{subsection.4.5.4}% 244
\BOOKMARK [3][-]{subsubsection.4.5.4.41}{\376\377\0004\000.\0005\000.\0004\000.\0004\0001\000\040\000s\000p\000i\000\137\000w\000r\000i\000t\000e\000\137\000u\000i\000n\000t\0003\0002\000\050\000\051}{subsection.4.5.4}% 245
\BOOKMARK [3][-]{subsubsection.4.5.4.42}{\376\377\0004\000.\0005\000.\0004\000.\0004\0002\000\040\000s\000s\000d\0001\0003\0005\0001\000\137\000c\000u\000r\000s\000o\000r\000\137\000x\000\050\000\051}{subsection.4.5.4}% 246
\BOOKMARK [3][-]{subsubsection.4.5.4.43}{\376\377\0004\000.\0005\000.\0004\000.\0004\0003\000\040\000s\000s\000d\0001\0003\0005\0001\000\137\000d\000r\000a\000w\000\137\000p\000i\000x\000e\000l\000\050\000\051}{subsection.4.5.4}% 247
\BOOKMARK [3][-]{subsubsection.4.5.4.44}{\376\377\0004\000.\0005\000.\0004\000.\0004\0004\000\040\000s\000s\000d\0001\0003\0005\0001\000\137\000f\000i\000l\000l\000\137\000s\000c\000r\000e\000e\000n\000\050\000\051}{subsection.4.5.4}% 248
\BOOKMARK [3][-]{subsubsection.4.5.4.45}{\376\377\0004\000.\0005\000.\0004\000.\0004\0005\000\040\000s\000s\000d\0001\0003\0005\0001\000\137\000i\000n\000i\000t\000\050\000\051}{subsection.4.5.4}% 249
\BOOKMARK [3][-]{subsubsection.4.5.4.46}{\376\377\0004\000.\0005\000.\0004\000.\0004\0006\000\040\000s\000s\000d\0001\0003\0005\0001\000\137\000i\000n\000v\000\050\000\051}{subsection.4.5.4}% 250
\BOOKMARK [3][-]{subsubsection.4.5.4.47}{\376\377\0004\000.\0005\000.\0004\000.\0004\0007\000\040\000s\000s\000d\0001\0003\0005\0001\000\137\000s\000e\000n\000d\000\137\000c\000o\000m\000m\000a\000n\000d\000\050\000\051}{subsection.4.5.4}% 251
\BOOKMARK [3][-]{subsubsection.4.5.4.48}{\376\377\0004\000.\0005\000.\0004\000.\0004\0008\000\040\000s\000s\000d\0001\0003\0005\0001\000\137\000s\000e\000n\000d\000\137\000c\000o\000m\000m\000a\000n\000d\000\137\000w\000i\000t\000h\000\137\000d\000a\000t\000a\000\050\000\051}{subsection.4.5.4}% 252
\BOOKMARK [3][-]{subsubsection.4.5.4.49}{\376\377\0004\000.\0005\000.\0004\000.\0004\0009\000\040\000s\000s\000d\0001\0003\0005\0001\000\137\000s\000e\000n\000d\000\137\000c\000o\000m\000m\000a\000n\000d\000s\000\050\000\051}{subsection.4.5.4}% 253
\BOOKMARK [3][-]{subsubsection.4.5.4.50}{\376\377\0004\000.\0005\000.\0004\000.\0005\0000\000\040\000s\000s\000d\0001\0003\0005\0001\000\137\000s\000e\000n\000d\000\137\000d\000a\000t\000a\000\050\000\051}{subsection.4.5.4}% 254
\BOOKMARK [3][-]{subsubsection.4.5.4.51}{\376\377\0004\000.\0005\000.\0004\000.\0005\0001\000\040\000s\000s\000d\0001\0003\0005\0001\000\137\000s\000e\000t\000\137\000p\000o\000s\000i\000t\000i\000o\000n\000\050\000\051}{subsection.4.5.4}% 255
\BOOKMARK [3][-]{subsubsection.4.5.4.52}{\376\377\0004\000.\0005\000.\0004\000.\0005\0002\000\040\000t\000e\000r\000m\000i\000n\000a\000l\000\137\000d\000r\000a\000w\000\137\000t\000e\000x\000t\000\050\000\051}{subsection.4.5.4}% 256
\BOOKMARK [3][-]{subsubsection.4.5.4.53}{\376\377\0004\000.\0005\000.\0004\000.\0005\0003\000\040\000t\000e\000r\000m\000i\000n\000a\000l\000\137\000d\000r\000a\000w\000\137\000t\000e\000x\000t\000\137\000d\000e\000f\000a\000u\000l\000t\000\050\000\051}{subsection.4.5.4}% 257
\BOOKMARK [3][-]{subsubsection.4.5.4.54}{\376\377\0004\000.\0005\000.\0004\000.\0005\0004\000\040\000t\000e\000r\000m\000i\000n\000a\000l\000\137\000i\000n\000i\000t\000\050\000\051}{subsection.4.5.4}% 258
\BOOKMARK [3][-]{subsubsection.4.5.4.55}{\376\377\0004\000.\0005\000.\0004\000.\0005\0005\000\040\000t\000e\000r\000m\000i\000n\000a\000l\000\137\000n\000a\000t\000i\000v\000e\000\137\000s\000c\000r\000o\000l\000l\000\050\000\051}{subsection.4.5.4}% 259
\BOOKMARK [3][-]{subsubsection.4.5.4.56}{\376\377\0004\000.\0005\000.\0004\000.\0005\0006\000\040\000t\000e\000r\000m\000i\000n\000a\000l\000\137\000p\000r\000i\000n\000t\000\050\000\051}{subsection.4.5.4}% 260
\BOOKMARK [3][-]{subsubsection.4.5.4.57}{\376\377\0004\000.\0005\000.\0004\000.\0005\0007\000\040\000t\000e\000r\000m\000i\000n\000a\000l\000\137\000p\000r\000i\000n\000t\000\137\000c\000o\000l\000\050\000\051}{subsection.4.5.4}% 261
\BOOKMARK [3][-]{subsubsection.4.5.4.58}{\376\377\0004\000.\0005\000.\0004\000.\0005\0008\000\040\000t\000e\000r\000m\000i\000n\000a\000l\000\137\000p\000u\000t\000\137\000c\000h\000a\000r\000\050\000\051}{subsection.4.5.4}% 262
\BOOKMARK [3][-]{subsubsection.4.5.4.59}{\376\377\0004\000.\0005\000.\0004\000.\0005\0009\000\040\000t\000e\000r\000m\000i\000n\000a\000l\000\137\000s\000e\000t\000\137\000b\000g\000\137\000c\000o\000l\000o\000r\000\050\000\051}{subsection.4.5.4}% 263
\BOOKMARK [3][-]{subsubsection.4.5.4.60}{\376\377\0004\000.\0005\000.\0004\000.\0006\0000\000\040\000t\000e\000r\000m\000i\000n\000a\000l\000\137\000s\000e\000t\000\137\000t\000e\000x\000t\000\137\000c\000o\000l\000o\000r\000\050\000\051}{subsection.4.5.4}% 264
\BOOKMARK [3][-]{subsubsection.4.5.4.61}{\376\377\0004\000.\0005\000.\0004\000.\0006\0001\000\040\000w\000s\0002\0008\0001\0002\000\137\000c\000l\000e\000a\000r\000\050\000\051}{subsection.4.5.4}% 265
\BOOKMARK [3][-]{subsubsection.4.5.4.62}{\376\377\0004\000.\0005\000.\0004\000.\0006\0002\000\040\000w\000s\0002\0008\0001\0002\000\137\000f\000i\000l\000l\000\050\000\051}{subsection.4.5.4}% 266
\BOOKMARK [3][-]{subsubsection.4.5.4.63}{\376\377\0004\000.\0005\000.\0004\000.\0006\0003\000\040\000w\000s\0002\0008\0001\0002\000\137\000g\000e\000t\000\137\000c\000o\000l\000o\000r\000\050\000\051}{subsection.4.5.4}% 267
\BOOKMARK [3][-]{subsubsection.4.5.4.64}{\376\377\0004\000.\0005\000.\0004\000.\0006\0004\000\040\000w\000s\0002\0008\0001\0002\000\137\000s\000e\000t\000\137\000c\000o\000l\000o\000r\000\050\000\051}{subsection.4.5.4}% 268
\BOOKMARK [3][-]{subsubsection.4.5.4.65}{\376\377\0004\000.\0005\000.\0004\000.\0006\0005\000\040\000w\000s\0002\0008\0001\0002\000\137\000w\000r\000i\000t\000e\000\137\000a\000l\000l\000\050\000\051}{subsection.4.5.4}% 269
\BOOKMARK [2][-]{subsection.4.5.5}{\376\377\0004\000.\0005\000.\0005\000\040\000V\000a\000r\000i\000a\000b\000l\000e\000n\000-\000D\000o\000k\000u\000m\000e\000n\000t\000a\000t\000i\000o\000n}{section.4.5}% 270
\BOOKMARK [3][-]{subsubsection.4.5.5.1}{\376\377\0004\000.\0005\000.\0005\000.\0001\000\040\000e\000r\000r\000n\000o}{subsection.4.5.5}% 271
\BOOKMARK [3][-]{subsubsection.4.5.5.2}{\376\377\0004\000.\0005\000.\0005\000.\0002\000\040\000n\000o\000t\000e\000\137\000f\000r\000e\000q\000\137\000h\000a\000l\000f\000b\000a\000s\000e}{subsection.4.5.5}% 272
\BOOKMARK [1][-]{section.4.6}{\376\377\0004\000.\0006\000\040\000w\000g\000r\000h\000a\000l\000\137\000e\000x\000t\000.\000c}{chapter.4}% 273
\BOOKMARK [1][-]{section.4.7}{\376\377\0004\000.\0007\000\040\000/\000h\000o\000m\000e\000/\000r\000u\000n\000n\000e\000r\000/\000w\000o\000r\000k\000/\000P\000R\000O\000E\000\137\000W\000G\000R\000-\000V\000/\000P\000R\000O\000E\000\137\000W\000G\000R\000-\000V\000/\000s\000r\000c\000/\000l\000i\000b\000/\000w\000g\000r\000h\000a\000l\000\137\000e\000x\000t\000.\000h\000-\000D\000a\000t\000e\000i\000r\000e\000f\000e\000r\000e\000n\000z}{chapter.4}% 274
\BOOKMARK [2][-]{subsection.4.7.1}{\376\377\0004\000.\0007\000.\0001\000\040\000A\000u\000s\000f\000\374\000h\000r\000l\000i\000c\000h\000e\000\040\000B\000e\000s\000c\000h\000r\000e\000i\000b\000u\000n\000g}{section.4.7}% 275
\BOOKMARK [2][-]{subsection.4.7.2}{\376\377\0004\000.\0007\000.\0002\000\040\000M\000a\000k\000r\000o\000-\000D\000o\000k\000u\000m\000e\000n\000t\000a\000t\000i\000o\000n}{section.4.7}% 276
\BOOKMARK [3][-]{subsubsection.4.7.2.1}{\376\377\0004\000.\0007\000.\0002\000.\0001\000\040\000C\000H\000A\000R\000\137\000H\000E\000I\000G\000H\000T}{subsection.4.7.2}% 277
\BOOKMARK [3][-]{subsubsection.4.7.2.2}{\376\377\0004\000.\0007\000.\0002\000.\0002\000\040\000C\000H\000A\000R\000\137\000W\000I\000D\000T\000H}{subsection.4.7.2}% 278
\BOOKMARK [3][-]{subsubsection.4.7.2.3}{\376\377\0004\000.\0007\000.\0002\000.\0003\000\040\000C\000O\000L\000O\000R\000\137\000B\000L\000A\000C\000K}{subsection.4.7.2}% 279
\BOOKMARK [3][-]{subsubsection.4.7.2.4}{\376\377\0004\000.\0007\000.\0002\000.\0004\000\040\000C\000O\000L\000O\000R\000\137\000B\000L\000U\000E}{subsection.4.7.2}% 280
\BOOKMARK [3][-]{subsubsection.4.7.2.5}{\376\377\0004\000.\0007\000.\0002\000.\0005\000\040\000C\000O\000L\000O\000R\000\137\000C\000Y\000A\000N}{subsection.4.7.2}% 281
\BOOKMARK [3][-]{subsubsection.4.7.2.6}{\376\377\0004\000.\0007\000.\0002\000.\0006\000\040\000C\000O\000L\000O\000R\000\137\000G\000R\000E\000E\000N}{subsection.4.7.2}% 282
\BOOKMARK [3][-]{subsubsection.4.7.2.7}{\376\377\0004\000.\0007\000.\0002\000.\0007\000\040\000C\000O\000L\000O\000R\000\137\000M\000A\000G\000E\000N\000T\000A}{subsection.4.7.2}% 283
\BOOKMARK [3][-]{subsubsection.4.7.2.8}{\376\377\0004\000.\0007\000.\0002\000.\0008\000\040\000C\000O\000L\000O\000R\000\137\000R\000E\000D}{subsection.4.7.2}% 284
\BOOKMARK [3][-]{subsubsection.4.7.2.9}{\376\377\0004\000.\0007\000.\0002\000.\0009\000\040\000C\000O\000L\000O\000R\000\137\000W\000H\000I\000T\000E}{subsection.4.7.2}% 285
\BOOKMARK [3][-]{subsubsection.4.7.2.10}{\376\377\0004\000.\0007\000.\0002\000.\0001\0000\000\040\000C\000O\000L\000O\000R\000\137\000Y\000E\000L\000L\000O\000W}{subsection.4.7.2}% 286
\BOOKMARK [3][-]{subsubsection.4.7.2.11}{\376\377\0004\000.\0007\000.\0002\000.\0001\0001\000\040\000D\000I\000V\000\137\000B\000A\000S\000E\000\137\000A\000D\000D\000R}{subsection.4.7.2}% 287
\BOOKMARK [3][-]{subsubsection.4.7.2.12}{\376\377\0004\000.\0007\000.\0002\000.\0001\0002\000\040\000D\000I\000V\000\137\000E\000N\000D\000\137\000O\000F\000F\000S\000E\000T}{subsection.4.7.2}% 288
\BOOKMARK [3][-]{subsubsection.4.7.2.13}{\376\377\0004\000.\0007\000.\0002\000.\0001\0003\000\040\000D\000I\000V\000\137\000I\000N\000F\000O\000\137\000O\000F\000F\000S\000E\000T}{subsection.4.7.2}% 289
\BOOKMARK [3][-]{subsubsection.4.7.2.14}{\376\377\0004\000.\0007\000.\0002\000.\0001\0004\000\040\000D\000I\000V\000\137\000Q\000U\000O\000\137\000O\000F\000F\000S\000E\000T}{subsection.4.7.2}% 290
\BOOKMARK [3][-]{subsubsection.4.7.2.15}{\376\377\0004\000.\0007\000.\0002\000.\0001\0005\000\040\000D\000I\000V\000\137\000R\000E\000M\000\137\000O\000F\000F\000S\000E\000T}{subsection.4.7.2}% 291
\BOOKMARK [3][-]{subsubsection.4.7.2.16}{\376\377\0004\000.\0007\000.\0002\000.\0001\0006\000\040\000D\000I\000V\000\137\000S\000O\000R\000\137\000O\000F\000F\000S\000E\000T}{subsection.4.7.2}% 292
\BOOKMARK [3][-]{subsubsection.4.7.2.17}{\376\377\0004\000.\0007\000.\0002\000.\0001\0007\000\040\000H\000O\000U\000S\000E\000K\000E\000E\000P\000I\000N\000G\000\137\000M\000S}{subsection.4.7.2}% 293
\BOOKMARK [3][-]{subsubsection.4.7.2.18}{\376\377\0004\000.\0007\000.\0002\000.\0001\0008\000\040\000H\000W\000R\000E\000G\0003\0002}{subsection.4.7.2}% 294
\BOOKMARK [3][-]{subsubsection.4.7.2.19}{\376\377\0004\000.\0007\000.\0002\000.\0001\0009\000\040\000M\000U\000L\0001\000\137\000O\000F\000F\000S\000E\000T}{subsection.4.7.2}% 295
\BOOKMARK [3][-]{subsubsection.4.7.2.20}{\376\377\0004\000.\0007\000.\0002\000.\0002\0000\000\040\000M\000U\000L\0002\000\137\000O\000F\000F\000S\000E\000T}{subsection.4.7.2}% 296
\BOOKMARK [3][-]{subsubsection.4.7.2.21}{\376\377\0004\000.\0007\000.\0002\000.\0002\0001\000\040\000M\000U\000L\000T\000\137\000B\000A\000S\000E\000\137\000A\000D\000D\000R}{subsection.4.7.2}% 297
\BOOKMARK [3][-]{subsubsection.4.7.2.22}{\376\377\0004\000.\0007\000.\0002\000.\0002\0002\000\040\000M\000U\000L\000T\000\137\000I\000N\000F\000O\000\137\000O\000F\000F\000S\000E\000T}{subsection.4.7.2}% 298
\BOOKMARK [3][-]{subsubsection.4.7.2.23}{\376\377\0004\000.\0007\000.\0002\000.\0002\0003\000\040\000R\000E\000S\000H\000\137\000O\000F\000F\000S\000E\000T}{subsection.4.7.2}% 299
\BOOKMARK [3][-]{subsubsection.4.7.2.24}{\376\377\0004\000.\0007\000.\0002\000.\0002\0004\000\040\000R\000E\000S\000L\000\137\000O\000F\000F\000S\000E\000T}{subsection.4.7.2}% 300
\BOOKMARK [3][-]{subsubsection.4.7.2.25}{\376\377\0004\000.\0007\000.\0002\000.\0002\0005\000\040\000S\000P\000I\000\137\000B\000A\000S\000E\000\137\000A\000D\000D\000R}{subsection.4.7.2}% 301
\BOOKMARK [3][-]{subsubsection.4.7.2.26}{\376\377\0004\000.\0007\000.\0002\000.\0002\0006\000\040\000S\000P\000I\000\137\000C\000L\000K\000\137\000O\000F\000F\000S\000E\000T}{subsection.4.7.2}% 302
\BOOKMARK [3][-]{subsubsection.4.7.2.27}{\376\377\0004\000.\0007\000.\0002\000.\0002\0007\000\040\000S\000P\000I\000\137\000C\000S\000\137\000O\000F\000F\000S\000E\000T}{subsection.4.7.2}% 303
\BOOKMARK [3][-]{subsubsection.4.7.2.28}{\376\377\0004\000.\0007\000.\0002\000.\0002\0008\000\040\000S\000P\000I\000\137\000C\000T\000R\000L\000\137\000O\000F\000F\000S\000E\000T}{subsection.4.7.2}% 304
\BOOKMARK [3][-]{subsubsection.4.7.2.29}{\376\377\0004\000.\0007\000.\0002\000.\0002\0009\000\040\000S\000P\000I\000\137\000R\000X\000\137\000O\000F\000F\000S\000E\000T}{subsection.4.7.2}% 305
\BOOKMARK [3][-]{subsubsection.4.7.2.30}{\376\377\0004\000.\0007\000.\0002\000.\0003\0000\000\040\000S\000P\000I\000\137\000S\000T\000A\000T\000U\000S\000\137\000O\000F\000F\000S\000E\000T}{subsection.4.7.2}% 306
\BOOKMARK [3][-]{subsubsection.4.7.2.31}{\376\377\0004\000.\0007\000.\0002\000.\0003\0001\000\040\000S\000P\000I\000\137\000T\000X\000\137\000O\000F\000F\000S\000E\000T}{subsection.4.7.2}% 307
\BOOKMARK [3][-]{subsubsection.4.7.2.32}{\376\377\0004\000.\0007\000.\0002\000.\0003\0002\000\040\000S\000S\000D\0001\0003\0005\0001\000\137\000H\000E\000I\000G\000H\000T}{subsection.4.7.2}% 308
\BOOKMARK [3][-]{subsubsection.4.7.2.33}{\376\377\0004\000.\0007\000.\0002\000.\0003\0003\000\040\000S\000S\000D\0001\0003\0005\0001\000\137\000S\000P\000I\000\137\000T\000I\000M\000E\000O\000U\000T}{subsection.4.7.2}% 309
\BOOKMARK [3][-]{subsubsection.4.7.2.34}{\376\377\0004\000.\0007\000.\0002\000.\0003\0004\000\040\000S\000S\000D\0001\0003\0005\0001\000\137\000W\000I\000D\000T\000H}{subsection.4.7.2}% 310
\BOOKMARK [3][-]{subsubsection.4.7.2.35}{\376\377\0004\000.\0007\000.\0002\000.\0003\0005\000\040\000S\000T\000A\000T\000U\000S\000\137\000B\000A\000R\000\137\000R\000O\000W\000S}{subsection.4.7.2}% 311
\BOOKMARK [3][-]{subsubsection.4.7.2.36}{\376\377\0004\000.\0007\000.\0002\000.\0003\0006\000\040\000T\000E\000R\000M\000\137\000C\000O\000L\000S}{subsection.4.7.2}% 312
\BOOKMARK [3][-]{subsubsection.4.7.2.37}{\376\377\0004\000.\0007\000.\0002\000.\0003\0007\000\040\000T\000E\000R\000M\000\137\000R\000O\000W\000S}{subsection.4.7.2}% 313
\BOOKMARK [3][-]{subsubsection.4.7.2.38}{\376\377\0004\000.\0007\000.\0002\000.\0003\0008\000\040\000T\000O\000T\000A\000L\000\137\000R\000O\000W\000S}{subsection.4.7.2}% 314
\BOOKMARK [3][-]{subsubsection.4.7.2.39}{\376\377\0004\000.\0007\000.\0002\000.\0003\0009\000\040\000W\000S\000\137\000B\000A\000S\000E\000\137\000A\000D\000D\000R}{subsection.4.7.2}% 315
\BOOKMARK [2][-]{subsection.4.7.3}{\376\377\0004\000.\0007\000.\0003\000\040\000D\000o\000k\000u\000m\000e\000n\000t\000a\000t\000i\000o\000n\000\040\000d\000e\000r\000\040\000A\000u\000f\000z\000\344\000h\000l\000u\000n\000g\000s\000t\000y\000p\000e\000n}{section.4.7}% 316
\BOOKMARK [3][-]{subsubsection.4.7.3.1}{\376\377\0004\000.\0007\000.\0003\000.\0001\000\040\000n\000o\000t\000e\000\137\000t}{subsection.4.7.3}% 317
\BOOKMARK [2][-]{subsection.4.7.4}{\376\377\0004\000.\0007\000.\0004\000\040\000D\000o\000k\000u\000m\000e\000n\000t\000a\000t\000i\000o\000n\000\040\000d\000e\000r\000\040\000F\000u\000n\000k\000t\000i\000o\000n\000e\000n}{section.4.7}% 318
\BOOKMARK [3][-]{subsubsection.4.7.4.1}{\376\377\0004\000.\0007\000.\0004\000.\0001\000\040\000c\000a\000l\000l\000o\000c\000\050\000\051}{subsection.4.7.4}% 319
\BOOKMARK [3][-]{subsubsection.4.7.4.2}{\376\377\0004\000.\0007\000.\0004\000.\0002\000\040\000c\000l\000e\000a\000r\000\137\000t\000e\000r\000m\000i\000n\000a\000l\000\050\000\051}{subsection.4.7.4}% 320
\BOOKMARK [3][-]{subsubsection.4.7.4.3}{\376\377\0004\000.\0007\000.\0004\000.\0003\000\040\000c\000l\000e\000a\000r\000\137\000t\000e\000r\000m\000i\000n\000a\000l\000\137\000r\000o\000w\000\050\000\051}{subsection.4.7.4}% 321
\BOOKMARK [3][-]{subsubsection.4.7.4.4}{\376\377\0004\000.\0007\000.\0004\000.\0004\000\040\000d\000i\000v\000\137\000c\000a\000l\000c\000\050\000\051}{subsection.4.7.4}% 322
\BOOKMARK [3][-]{subsubsection.4.7.4.5}{\376\377\0004\000.\0007\000.\0004\000.\0005\000\040\000d\000i\000v\000\137\000c\000a\000l\000c\000\137\000q\000u\000o\000t\000i\000e\000n\000t\000\050\000\051}{subsection.4.7.4}% 323
\BOOKMARK [3][-]{subsubsection.4.7.4.6}{\376\377\0004\000.\0007\000.\0004\000.\0006\000\040\000d\000i\000v\000\137\000c\000a\000l\000c\000\137\000r\000e\000m\000a\000i\000n\000d\000e\000r\000\050\000\051}{subsection.4.7.4}% 324
\BOOKMARK [3][-]{subsubsection.4.7.4.7}{\376\377\0004\000.\0007\000.\0004\000.\0007\000\040\000d\000r\000a\000w\000\137\000c\000h\000a\000r\000\137\000c\000e\000l\000l\000\050\000\051}{subsection.4.7.4}% 325
\BOOKMARK [3][-]{subsubsection.4.7.4.8}{\376\377\0004\000.\0007\000.\0004\000.\0008\000\040\000d\000r\000a\000w\000\137\000c\000h\000a\000r\000\137\000c\000e\000l\000l\000\137\000c\000u\000s\000t\000o\000m\000\050\000\051}{subsection.4.7.4}% 326
\BOOKMARK [3][-]{subsubsection.4.7.4.9}{\376\377\0004\000.\0007\000.\0004\000.\0009\000\040\000d\000r\000a\000w\000\137\000s\000t\000a\000t\000u\000s\000\137\000b\000a\000r\000\050\000\051}{subsection.4.7.4}% 327
\BOOKMARK [3][-]{subsubsection.4.7.4.10}{\376\377\0004\000.\0007\000.\0004\000.\0001\0000\000\040\000f\000r\000e\000e\000\050\000\051}{subsection.4.7.4}% 328
\BOOKMARK [3][-]{subsubsection.4.7.4.11}{\376\377\0004\000.\0007\000.\0004\000.\0001\0001\000\040\000h\000e\000a\000p\000\137\000f\000r\000e\000e\000\137\000s\000p\000a\000c\000e\000\050\000\051}{subsection.4.7.4}% 329
\BOOKMARK [3][-]{subsubsection.4.7.4.12}{\376\377\0004\000.\0007\000.\0004\000.\0001\0002\000\040\000m\000a\000l\000l\000o\000c\000\050\000\051}{subsection.4.7.4}% 330
\BOOKMARK [3][-]{subsubsection.4.7.4.13}{\376\377\0004\000.\0007\000.\0004\000.\0001\0003\000\040\000m\000u\000l\000t\000\137\000c\000a\000l\000c\000\050\000\051}{subsection.4.7.4}% 331
\BOOKMARK [3][-]{subsubsection.4.7.4.14}{\376\377\0004\000.\0007\000.\0004\000.\0001\0004\000\040\000m\000u\000l\000t\000\137\000c\000a\000l\000c\000\137\0006\0004\000\050\000\051}{subsection.4.7.4}% 332
\BOOKMARK [3][-]{subsubsection.4.7.4.15}{\376\377\0004\000.\0007\000.\0004\000.\0001\0005\000\040\000p\000r\000i\000n\000t\000\137\000e\000r\000r\000o\000r\000\050\000\051}{subsection.4.7.4}% 333
\BOOKMARK [3][-]{subsubsection.4.7.4.16}{\376\377\0004\000.\0007\000.\0004\000.\0001\0006\000\040\000p\000r\000i\000n\000t\000\137\000o\000k\000\050\000\051}{subsection.4.7.4}% 334
\BOOKMARK [3][-]{subsubsection.4.7.4.17}{\376\377\0004\000.\0007\000.\0004\000.\0001\0007\000\040\000p\000r\000i\000n\000t\000\137\000o\000k\000\137\000r\000e\000s\000\050\000\051}{subsection.4.7.4}% 335
\BOOKMARK [3][-]{subsubsection.4.7.4.18}{\376\377\0004\000.\0007\000.\0004\000.\0001\0008\000\040\000p\000w\000m\000\137\000f\000r\000e\000e\000\137\000n\000o\000t\000e\000\137\000b\000u\000f\000f\000e\000r\000\050\000\051}{subsection.4.7.4}% 336
\BOOKMARK [3][-]{subsubsection.4.7.4.19}{\376\377\0004\000.\0007\000.\0004\000.\0001\0009\000\040\000p\000w\000m\000\137\000p\000l\000a\000y\000\137\000n\000o\000t\000e\000\050\000\051}{subsection.4.7.4}% 337
\BOOKMARK [3][-]{subsubsection.4.7.4.20}{\376\377\0004\000.\0007\000.\0004\000.\0002\0000\000\040\000p\000w\000m\000\137\000p\000r\000e\000c\000o\000m\000p\000u\000t\000e\000\137\000n\000o\000t\000e\000s\000\050\000\051}{subsection.4.7.4}% 338
\BOOKMARK [3][-]{subsubsection.4.7.4.21}{\376\377\0004\000.\0007\000.\0004\000.\0002\0001\000\040\000r\000e\000a\000l\000l\000o\000c\000\050\000\051}{subsection.4.7.4}% 339
\BOOKMARK [3][-]{subsubsection.4.7.4.22}{\376\377\0004\000.\0007\000.\0004\000.\0002\0002\000\040\000s\000p\000i\000\137\000a\000u\000t\000o\000m\000a\000t\000i\000c\000\137\000c\000s\000\050\000\051}{subsection.4.7.4}% 340
\BOOKMARK [3][-]{subsubsection.4.7.4.23}{\376\377\0004\000.\0007\000.\0004\000.\0002\0003\000\040\000s\000p\000i\000\137\000c\000s\000\050\000\051}{subsection.4.7.4}% 341
\BOOKMARK [3][-]{subsubsection.4.7.4.24}{\376\377\0004\000.\0007\000.\0004\000.\0002\0004\000\040\000s\000p\000i\000\137\000d\000i\000s\000a\000b\000l\000e\000\050\000\051}{subsection.4.7.4}% 342
\BOOKMARK [3][-]{subsubsection.4.7.4.25}{\376\377\0004\000.\0007\000.\0004\000.\0002\0005\000\040\000s\000p\000i\000\137\000e\000n\000a\000b\000l\000e\000\050\000\051}{subsection.4.7.4}% 343
\BOOKMARK [3][-]{subsubsection.4.7.4.26}{\376\377\0004\000.\0007\000.\0004\000.\0002\0006\000\040\000s\000p\000i\000\137\000f\000i\000f\000o\000\137\000f\000u\000l\000l\000\050\000\051}{subsection.4.7.4}% 344
\BOOKMARK [3][-]{subsubsection.4.7.4.27}{\376\377\0004\000.\0007\000.\0004\000.\0002\0007\000\040\000s\000p\000i\000\137\000g\000e\000t\000\137\000s\000t\000a\000t\000u\000s\000\050\000\051}{subsection.4.7.4}% 345
\BOOKMARK [3][-]{subsubsection.4.7.4.28}{\376\377\0004\000.\0007\000.\0004\000.\0002\0008\000\040\000s\000p\000i\000\137\000i\000s\000\137\000b\000u\000s\000y\000\050\000\051}{subsection.4.7.4}% 346
\BOOKMARK [3][-]{subsubsection.4.7.4.29}{\376\377\0004\000.\0007\000.\0004\000.\0002\0009\000\040\000s\000p\000i\000\137\000i\000s\000\137\000r\000e\000a\000d\000y\000\050\000\051}{subsection.4.7.4}% 347
\BOOKMARK [3][-]{subsubsection.4.7.4.30}{\376\377\0004\000.\0007\000.\0004\000.\0003\0000\000\040\000s\000p\000i\000\137\000r\000e\000a\000d\000\137\000b\000u\000f\000f\000e\000r\000\050\000\051}{subsection.4.7.4}% 348
\BOOKMARK [3][-]{subsubsection.4.7.4.31}{\376\377\0004\000.\0007\000.\0004\000.\0003\0001\000\040\000s\000p\000i\000\137\000r\000e\000a\000d\000\137\000b\000y\000t\000e\000\050\000\051}{subsection.4.7.4}% 349
\BOOKMARK [3][-]{subsubsection.4.7.4.32}{\376\377\0004\000.\0007\000.\0004\000.\0003\0002\000\040\000s\000p\000i\000\137\000r\000x\000\137\000e\000m\000p\000t\000y\000\050\000\051}{subsection.4.7.4}% 350
\BOOKMARK [3][-]{subsubsection.4.7.4.33}{\376\377\0004\000.\0007\000.\0004\000.\0003\0003\000\040\000s\000p\000i\000\137\000r\000x\000\137\000f\000u\000l\000l\000\050\000\051}{subsection.4.7.4}% 351
\BOOKMARK [3][-]{subsubsection.4.7.4.34}{\376\377\0004\000.\0007\000.\0004\000.\0003\0004\000\040\000s\000p\000i\000\137\000s\000e\000t\000\137\000c\000l\000o\000c\000k\000\137\000d\000i\000v\000i\000d\000e\000r\000\050\000\051}{subsection.4.7.4}% 352
\BOOKMARK [3][-]{subsubsection.4.7.4.35}{\376\377\0004\000.\0007\000.\0004\000.\0003\0005\000\040\000s\000p\000i\000\137\000s\000e\000t\000\137\000c\000l\000o\000c\000k\000\137\000o\000f\000f\000e\000t\000\050\000\051}{subsection.4.7.4}% 353
\BOOKMARK [3][-]{subsubsection.4.7.4.36}{\376\377\0004\000.\0007\000.\0004\000.\0003\0006\000\040\000s\000p\000i\000\137\000t\000x\000\137\000e\000m\000p\000t\000y\000\050\000\051}{subsection.4.7.4}% 354
\BOOKMARK [3][-]{subsubsection.4.7.4.37}{\376\377\0004\000.\0007\000.\0004\000.\0003\0007\000\040\000s\000p\000i\000\137\000t\000x\000\137\000f\000u\000l\000l\000\050\000\051}{subsection.4.7.4}% 355
\BOOKMARK [3][-]{subsubsection.4.7.4.38}{\376\377\0004\000.\0007\000.\0004\000.\0003\0008\000\040\000s\000p\000i\000\137\000w\000a\000i\000t\000\137\000r\000x\000\137\000d\000a\000t\000a\000\050\000\051}{subsection.4.7.4}% 356
\BOOKMARK [3][-]{subsubsection.4.7.4.39}{\376\377\0004\000.\0007\000.\0004\000.\0003\0009\000\040\000s\000p\000i\000\137\000w\000r\000i\000t\000e\000\137\000b\000u\000f\000f\000e\000r\000\050\000\051}{subsection.4.7.4}% 357
\BOOKMARK [3][-]{subsubsection.4.7.4.40}{\376\377\0004\000.\0007\000.\0004\000.\0004\0000\000\040\000s\000p\000i\000\137\000w\000r\000i\000t\000e\000\137\000b\000y\000t\000e\000\050\000\051}{subsection.4.7.4}% 358
\BOOKMARK [3][-]{subsubsection.4.7.4.41}{\376\377\0004\000.\0007\000.\0004\000.\0004\0001\000\040\000s\000p\000i\000\137\000w\000r\000i\000t\000e\000\137\000u\000i\000n\000t\0003\0002\000\050\000\051}{subsection.4.7.4}% 359
\BOOKMARK [3][-]{subsubsection.4.7.4.42}{\376\377\0004\000.\0007\000.\0004\000.\0004\0002\000\040\000s\000s\000d\0001\0003\0005\0001\000\137\000c\000u\000r\000s\000o\000r\000\137\000x\000\050\000\051}{subsection.4.7.4}% 360
\BOOKMARK [3][-]{subsubsection.4.7.4.43}{\376\377\0004\000.\0007\000.\0004\000.\0004\0003\000\040\000s\000s\000d\0001\0003\0005\0001\000\137\000d\000r\000a\000w\000\137\000p\000i\000x\000e\000l\000\050\000\051}{subsection.4.7.4}% 361
\BOOKMARK [3][-]{subsubsection.4.7.4.44}{\376\377\0004\000.\0007\000.\0004\000.\0004\0004\000\040\000s\000s\000d\0001\0003\0005\0001\000\137\000f\000i\000l\000l\000\137\000s\000c\000r\000e\000e\000n\000\050\000\051}{subsection.4.7.4}% 362
\BOOKMARK [3][-]{subsubsection.4.7.4.45}{\376\377\0004\000.\0007\000.\0004\000.\0004\0005\000\040\000s\000s\000d\0001\0003\0005\0001\000\137\000i\000n\000i\000t\000\050\000\051}{subsection.4.7.4}% 363
\BOOKMARK [3][-]{subsubsection.4.7.4.46}{\376\377\0004\000.\0007\000.\0004\000.\0004\0006\000\040\000s\000s\000d\0001\0003\0005\0001\000\137\000i\000n\000v\000\050\000\051}{subsection.4.7.4}% 364
\BOOKMARK [3][-]{subsubsection.4.7.4.47}{\376\377\0004\000.\0007\000.\0004\000.\0004\0007\000\040\000s\000s\000d\0001\0003\0005\0001\000\137\000s\000e\000n\000d\000\137\000c\000o\000m\000m\000a\000n\000d\000\050\000\051}{subsection.4.7.4}% 365
\BOOKMARK [3][-]{subsubsection.4.7.4.48}{\376\377\0004\000.\0007\000.\0004\000.\0004\0008\000\040\000s\000s\000d\0001\0003\0005\0001\000\137\000s\000e\000n\000d\000\137\000c\000o\000m\000m\000a\000n\000d\000\137\000w\000i\000t\000h\000\137\000d\000a\000t\000a\000\050\000\051}{subsection.4.7.4}% 366
\BOOKMARK [3][-]{subsubsection.4.7.4.49}{\376\377\0004\000.\0007\000.\0004\000.\0004\0009\000\040\000s\000s\000d\0001\0003\0005\0001\000\137\000s\000e\000n\000d\000\137\000c\000o\000m\000m\000a\000n\000d\000s\000\050\000\051}{subsection.4.7.4}% 367
\BOOKMARK [3][-]{subsubsection.4.7.4.50}{\376\377\0004\000.\0007\000.\0004\000.\0005\0000\000\040\000s\000s\000d\0001\0003\0005\0001\000\137\000s\000e\000n\000d\000\137\000d\000a\000t\000a\000\050\000\051}{subsection.4.7.4}% 368
\BOOKMARK [3][-]{subsubsection.4.7.4.51}{\376\377\0004\000.\0007\000.\0004\000.\0005\0001\000\040\000s\000s\000d\0001\0003\0005\0001\000\137\000s\000e\000t\000\137\000p\000o\000s\000i\000t\000i\000o\000n\000\050\000\051}{subsection.4.7.4}% 369
\BOOKMARK [3][-]{subsubsection.4.7.4.52}{\376\377\0004\000.\0007\000.\0004\000.\0005\0002\000\040\000t\000e\000r\000m\000i\000n\000a\000l\000\137\000d\000r\000a\000w\000\137\000t\000e\000x\000t\000\050\000\051}{subsection.4.7.4}% 370
\BOOKMARK [3][-]{subsubsection.4.7.4.53}{\376\377\0004\000.\0007\000.\0004\000.\0005\0003\000\040\000t\000e\000r\000m\000i\000n\000a\000l\000\137\000d\000r\000a\000w\000\137\000t\000e\000x\000t\000\137\000d\000e\000f\000a\000u\000l\000t\000\050\000\051}{subsection.4.7.4}% 371
\BOOKMARK [3][-]{subsubsection.4.7.4.54}{\376\377\0004\000.\0007\000.\0004\000.\0005\0004\000\040\000t\000e\000r\000m\000i\000n\000a\000l\000\137\000i\000n\000i\000t\000\050\000\051}{subsection.4.7.4}% 372
\BOOKMARK [3][-]{subsubsection.4.7.4.55}{\376\377\0004\000.\0007\000.\0004\000.\0005\0005\000\040\000t\000e\000r\000m\000i\000n\000a\000l\000\137\000n\000a\000t\000i\000v\000e\000\137\000s\000c\000r\000o\000l\000l\000\050\000\051}{subsection.4.7.4}% 373
\BOOKMARK [3][-]{subsubsection.4.7.4.56}{\376\377\0004\000.\0007\000.\0004\000.\0005\0006\000\040\000t\000e\000r\000m\000i\000n\000a\000l\000\137\000p\000r\000i\000n\000t\000\050\000\051}{subsection.4.7.4}% 374
\BOOKMARK [3][-]{subsubsection.4.7.4.57}{\376\377\0004\000.\0007\000.\0004\000.\0005\0007\000\040\000t\000e\000r\000m\000i\000n\000a\000l\000\137\000p\000r\000i\000n\000t\000\137\000c\000o\000l\000\050\000\051}{subsection.4.7.4}% 375
\BOOKMARK [3][-]{subsubsection.4.7.4.58}{\376\377\0004\000.\0007\000.\0004\000.\0005\0008\000\040\000t\000e\000r\000m\000i\000n\000a\000l\000\137\000p\000u\000t\000\137\000c\000h\000a\000r\000\050\000\051}{subsection.4.7.4}% 376
\BOOKMARK [3][-]{subsubsection.4.7.4.59}{\376\377\0004\000.\0007\000.\0004\000.\0005\0009\000\040\000t\000e\000r\000m\000i\000n\000a\000l\000\137\000s\000e\000t\000\137\000b\000g\000\137\000c\000o\000l\000o\000r\000\050\000\051}{subsection.4.7.4}% 377
\BOOKMARK [3][-]{subsubsection.4.7.4.60}{\376\377\0004\000.\0007\000.\0004\000.\0006\0000\000\040\000t\000e\000r\000m\000i\000n\000a\000l\000\137\000s\000e\000t\000\137\000t\000e\000x\000t\000\137\000c\000o\000l\000o\000r\000\050\000\051}{subsection.4.7.4}% 378
\BOOKMARK [3][-]{subsubsection.4.7.4.61}{\376\377\0004\000.\0007\000.\0004\000.\0006\0001\000\040\000w\000s\0002\0008\0001\0002\000\137\000c\000l\000e\000a\000r\000\050\000\051}{subsection.4.7.4}% 379
\BOOKMARK [3][-]{subsubsection.4.7.4.62}{\376\377\0004\000.\0007\000.\0004\000.\0006\0002\000\040\000w\000s\0002\0008\0001\0002\000\137\000f\000i\000l\000l\000\050\000\051}{subsection.4.7.4}% 380
\BOOKMARK [3][-]{subsubsection.4.7.4.63}{\376\377\0004\000.\0007\000.\0004\000.\0006\0003\000\040\000w\000s\0002\0008\0001\0002\000\137\000g\000e\000t\000\137\000c\000o\000l\000o\000r\000\050\000\051}{subsection.4.7.4}% 381
\BOOKMARK [3][-]{subsubsection.4.7.4.64}{\376\377\0004\000.\0007\000.\0004\000.\0006\0004\000\040\000w\000s\0002\0008\0001\0002\000\137\000s\000e\000t\000\137\000c\000o\000l\000o\000r\000\050\000\051}{subsection.4.7.4}% 382
\BOOKMARK [3][-]{subsubsection.4.7.4.65}{\376\377\0004\000.\0007\000.\0004\000.\0006\0005\000\040\000w\000s\0002\0008\0001\0002\000\137\000w\000r\000i\000t\000e\000\137\000a\000l\000l\000\050\000\051}{subsection.4.7.4}% 383
\BOOKMARK [2][-]{subsection.4.7.5}{\376\377\0004\000.\0007\000.\0005\000\040\000V\000a\000r\000i\000a\000b\000l\000e\000n\000-\000D\000o\000k\000u\000m\000e\000n\000t\000a\000t\000i\000o\000n}{section.4.7}% 384
\BOOKMARK [3][-]{subsubsection.4.7.5.1}{\376\377\0004\000.\0007\000.\0005\000.\0001\000\040\000n\000o\000t\000e\000\137\000f\000r\000e\000q\000\137\000h\000a\000l\000f\000b\000a\000s\000e}{subsection.4.7.5}% 385
\BOOKMARK [1][-]{section.4.8}{\376\377\0004\000.\0008\000\040\000w\000g\000r\000h\000a\000l\000\137\000e\000x\000t\000.\000h}{chapter.4}% 386
\BOOKMARK [1][-]{section.4.9}{\376\377\0004\000.\0009\000\040\000w\000g\000r\000l\000i\000b\000.\000c}{chapter.4}% 387
\BOOKMARK [1][-]{section.4.10}{\376\377\0004\000.\0001\0000\000\040\000w\000g\000r\000t\000y\000p\000e\000s\000.\000h}{chapter.4}% 388
\BOOKMARK [0][-]{section*.19}{\376\377\000I\000n\000d\000e\000x}{}% 389
